<?xml version="1.0" encoding="utf-8"?><testsuites name="pytest tests"><testsuite name="pytest" errors="0" failures="0" skipped="0" tests="17" time="1.325" timestamp="2026-01-04T11:16:05.967582+00:00" hostname="agent-env-0afb8c91-f0b3-48f2-b8d2-b5f24f3acf99"><testcase classname="tests.test_prima_nota_quick_entry.TestPrimaNotaCassaAPI" name="test_create_cassa_with_source_manual_entry" time="0.105" /><testcase classname="tests.test_prima_nota_quick_entry.TestPrimaNotaCassaAPI" name="test_create_cassa_versamento" time="0.040" /><testcase classname="tests.test_prima_nota_quick_entry.TestPrimaNotaCassaAPI" name="test_create_cassa_finanziamento_soci" time="0.038" /><testcase classname="tests.test_prima_nota_quick_entry.TestPrimaNotaCassaAPI" name="test_create_cassa_movimento_generico" time="0.042" /><testcase classname="tests.test_prima_nota_quick_entry.TestPrimaNotaCassaAPI" name="test_list_cassa_movements" time="0.050" /><testcase classname="tests.test_prima_nota_quick_entry.TestPrimaNotaCassaAPI" name="test_list_cassa_with_date_filter" time="0.042" /><testcase classname="tests.test_prima_nota_quick_entry.TestPrimaNotaBancaAPI" name="test_create_banca_with_manual_pos" time="0.081" /><testcase classname="tests.test_prima_nota_quick_entry.TestPrimaNotaBancaAPI" name="test_create_banca_versamento_contanti" time="0.041" /><testcase classname="tests.test_prima_nota_quick_entry.TestPrimaNotaBancaAPI" name="test_list_banca_movements" time="0.041" /><testcase classname="tests.test_prima_nota_quick_entry.TestPrimaNotaBancaAPI" name="test_verify_pos_details_saved" time="0.038" /><testcase classname="tests.test_prima_nota_quick_entry.TestPrimaNotaBancaAPI" name="test_verify_source_field_saved" time="0.040" /><testcase classname="tests.test_prima_nota_quick_entry.TestPrimaNotaStats" name="test_get_stats" time="0.044" /><testcase classname="tests.test_prima_nota_quick_entry.TestPrimaNotaStats" name="test_get_stats_with_date_filter" time="0.036" /><testcase classname="tests.test_prima_nota_quick_entry.TestCorrispettiviAPI" name="test_get_corrispettivi" time="0.052" /><testcase classname="tests.test_prima_nota_quick_entry.TestDipendentiAPI" name="test_list_dipendenti" time="0.041" /><testcase classname="tests.test_prima_nota_quick_entry.TestDipendentiAPI" name="test_get_contract_types" time="0.037" /><testcase classname="tests.test_prima_nota_quick_entry.TestCleanup" name="test_cleanup_test_movements" time="0.310" /></testsuite></testsuites>