<?xml version="1.0" encoding="utf-8"?><testsuites name="pytest tests"><testsuite name="pytest" errors="0" failures="2" skipped="0" tests="17" time="0.860" timestamp="2026-01-10T11:22:33.880133+00:00" hostname="agent-env-bcaf0c56-700a-41dc-adf2-a532572fde95"><testcase classname="tests.test_iteration_48.TestAllergeniAPI" name="test_get_allergeni_elenco" time="0.074" /><testcase classname="tests.test_iteration_48.TestAllergeniAPI" name="test_get_libro_allergeni" time="0.041" /><testcase classname="tests.test_iteration_48.TestAllergeniAPI" name="test_rileva_allergeni" time="0.035" /><testcase classname="tests.test_iteration_48.TestBonificiAssociazioneAPI" name="test_get_transfers" time="0.038" /><testcase classname="tests.test_iteration_48.TestBonificiAssociazioneAPI" name="test_get_operazioni_salari" time="0.073" /><testcase classname="tests.test_iteration_48.TestRicettarioAPI" name="test_get_ricettario" time="0.036" /><testcase classname="tests.test_iteration_48.TestRicettarioAPI" name="test_get_ricetta_dettaglio" time="0.077" /><testcase classname="tests.test_iteration_48.TestNonConformitaAPI" name="test_get_motivi_azioni" time="0.034" /><testcase classname="tests.test_iteration_48.TestNonConformitaAPI" name="test_get_non_conformita_list" time="0.045" /><testcase classname="tests.test_iteration_48.TestTemperatureAPI" name="test_get_schede_frigoriferi" time="0.045" /><testcase classname="tests.test_iteration_48.TestTemperatureAPI" name="test_get_scheda_singola" time="0.037" /><testcase classname="tests.test_iteration_48.TestSanificazioneAPI" name="test_get_attrezzature" time="0.036" /><testcase classname="tests.test_iteration_48.TestSanificazioneAPI" name="test_get_scheda_sanificazione" time="0.038" /><testcase classname="tests.test_iteration_48.TestRegressionDashboard" name="test_health_check" time="0.032" /><testcase classname="tests.test_iteration_48.TestRegressionDashboard" name="test_dashboard_stats" time="0.039" /><testcase classname="tests.test_iteration_48.TestRegressionFatture" name="test_get_fatture_ricevute" time="0.039"><failure message="assert 404 == 200&#10; +  where 404 = &lt;Response [404]&gt;.status_code">tests/test_iteration_48.py:248: in test_get_fatture_ricevute
    assert response.status_code == 200
E   assert 404 == 200
E    +  where 404 = &lt;Response [404]&gt;.status_code</failure></testcase><testcase classname="tests.test_iteration_48.TestRegressionPrimaNota" name="test_get_prima_nota" time="0.034"><failure message="assert 404 == 200&#10; +  where 404 = &lt;Response [404]&gt;.status_code">tests/test_iteration_48.py:260: in test_get_prima_nota
    assert response.status_code == 200
E   assert 404 == 200
E    +  where 404 = &lt;Response [404]&gt;.status_code</failure></testcase></testsuite></testsuites>