<?xml version="1.0" encoding="utf-8"?><testsuites name="pytest tests"><testsuite name="pytest" errors="0" failures="2" skipped="0" tests="24" time="1.424" timestamp="2026-01-05T16:19:01.946724+00:00" hostname="agent-env-91790637-b24f-4e09-87fa-4bf70147e754"><testcase classname="tests.test_scadenze_bilancio_features.TestScadenzeProssime" name="test_get_prossime_scadenze_default" time="0.073" /><testcase classname="tests.test_scadenze_bilancio_features.TestScadenzeProssime" name="test_get_prossime_scadenze_with_giorni" time="0.039" /><testcase classname="tests.test_scadenze_bilancio_features.TestScadenzeProssime" name="test_get_prossime_scadenze_with_limit" time="0.041" /><testcase classname="tests.test_scadenze_bilancio_features.TestScadenzeProssime" name="test_scadenze_structure" time="0.039" /><testcase classname="tests.test_scadenze_bilancio_features.TestScadenzeIVA" name="test_get_scadenze_iva_2025" time="0.067" /><testcase classname="tests.test_scadenze_bilancio_features.TestScadenzeIVA" name="test_iva_quarters_structure" time="0.070" /><testcase classname="tests.test_scadenze_bilancio_features.TestScadenzeIVA" name="test_iva_calculation_logic" time="0.066" /><testcase classname="tests.test_scadenze_bilancio_features.TestScadenzeTutte" name="test_get_tutte_scadenze" time="0.038" /><testcase classname="tests.test_scadenze_bilancio_features.TestScadenzeTutte" name="test_filter_by_tipo" time="0.039"><failure message="AssertionError: assert 'CUSTOM' == 'IVA'&#10;  &#10;  - IVA&#10;  + CUSTOM">tests/test_scadenze_bilancio_features.py:137: in test_filter_by_tipo
    assert scadenza["tipo"] == tipo
E   AssertionError: assert 'CUSTOM' == 'IVA'
E     
E     - IVA
E     + CUSTOM</failure></testcase><testcase classname="tests.test_scadenze_bilancio_features.TestScadenzeTutte" name="test_include_passate" time="0.041" /><testcase classname="tests.test_scadenze_bilancio_features.TestScadenzeTutte" name="test_statistiche_structure" time="0.047" /><testcase classname="tests.test_scadenze_bilancio_features.TestScadenzeCrea" name="test_create_scadenza_success" time="0.074" /><testcase classname="tests.test_scadenze_bilancio_features.TestScadenzeCrea" name="test_create_scadenza_minimal" time="0.072" /><testcase classname="tests.test_scadenze_bilancio_features.TestScadenzeCrea" name="test_create_scadenza_missing_data" time="0.035" /><testcase classname="tests.test_scadenze_bilancio_features.TestScadenzeCrea" name="test_create_scadenza_missing_descrizione" time="0.035" /><testcase classname="tests.test_scadenze_bilancio_features.TestScadenzeCompletaElimina" name="test_completa_and_delete_scadenza" time="0.128" /><testcase classname="tests.test_scadenze_bilancio_features.TestScadenzeCompletaElimina" name="test_completa_nonexistent" time="0.044" /><testcase classname="tests.test_scadenze_bilancio_features.TestScadenzeCompletaElimina" name="test_delete_nonexistent" time="0.044" /><testcase classname="tests.test_scadenze_bilancio_features.TestBilancioExportPDFConfronto" name="test_export_confronto_pdf_success" time="0.065"><failure message="AssertionError: assert 'confronto' in 'attachment; filename=bilancio_comparativo_2024_vs_2025.pdf'&#10; +  where 'attachment; filename=bilancio_comparativo_2024_vs_2025.pdf' = &lt;built-in method lower of str object at 0xfddcca674dc0&gt;()&#10; +    where &lt;built-in method lower of str object at 0xfddcca674dc0&gt; = 'attachment; filename=Bilancio_Comparativo_2024_vs_2025.pdf'.lower">tests/test_scadenze_bilancio_features.py:282: in test_export_confronto_pdf_success
    assert "confronto" in content_disp.lower()
E   AssertionError: assert 'confronto' in 'attachment; filename=bilancio_comparativo_2024_vs_2025.pdf'
E    +  where 'attachment; filename=bilancio_comparativo_2024_vs_2025.pdf' = &lt;built-in method lower of str object at 0xfddcca674dc0&gt;()
E    +    where &lt;built-in method lower of str object at 0xfddcca674dc0&gt; = 'attachment; filename=Bilancio_Comparativo_2024_vs_2025.pdf'.lower</failure></testcase><testcase classname="tests.test_scadenze_bilancio_features.TestBilancioExportPDFConfronto" name="test_export_confronto_pdf_with_anno_precedente" time="0.064" /><testcase classname="tests.test_scadenze_bilancio_features.TestBilancioExportPDFConfronto" name="test_export_confronto_pdf_missing_anno" time="0.038" /><testcase classname="tests.test_scadenze_bilancio_features.TestBilancioConfrontoAnnuale" name="test_confronto_annuale_success" time="0.052" /><testcase classname="tests.test_scadenze_bilancio_features.TestBilancioConfrontoAnnuale" name="test_confronto_annuale_structure" time="0.054" /><testcase classname="tests.test_scadenze_bilancio_features.TestDashboardScadenzeWidget" name="test_dashboard_scadenze_data" time="0.034" /></testsuite></testsuites>