<?xml version="1.0" encoding="utf-8"?><testsuites name="pytest tests"><testsuite name="pytest" errors="0" failures="2" skipped="0" tests="16" time="1.078" timestamp="2026-01-06T19:21:49.567503+00:00" hostname="agent-env-de948501-a7c1-4a8d-a110-8da05df78cc1"><testcase classname="tests.test_iteration_32_gestione_riservata.TestGestioneRiservataLogin" name="test_login_valid_code" time="0.073" /><testcase classname="tests.test_iteration_32_gestione_riservata.TestGestioneRiservataLogin" name="test_login_invalid_code" time="0.046"><failure message="AssertionError: assert 'detail' in {'error': 'HTTPException', 'message': 'Codice di accesso non valido'}">tests/test_iteration_32_gestione_riservata.py:40: in test_login_invalid_code
    assert "detail" in data
E   AssertionError: assert 'detail' in {'error': 'HTTPException', 'message': 'Codice di accesso non valido'}</failure></testcase><testcase classname="tests.test_iteration_32_gestione_riservata.TestGestioneRiservataLogin" name="test_login_empty_code" time="0.042"><failure message="AssertionError: assert 'detail' in {'error': 'HTTPException', 'message': 'Inserire il codice di accesso'}">tests/test_iteration_32_gestione_riservata.py:52: in test_login_empty_code
    assert "detail" in data
E   AssertionError: assert 'detail' in {'error': 'HTTPException', 'message': 'Inserire il codice di accesso'}</failure></testcase><testcase classname="tests.test_iteration_32_gestione_riservata.TestGestioneRiservataMovimenti" name="test_create_movimento_incasso" time="0.044" /><testcase classname="tests.test_iteration_32_gestione_riservata.TestGestioneRiservataMovimenti" name="test_create_movimento_spesa" time="0.042" /><testcase classname="tests.test_iteration_32_gestione_riservata.TestGestioneRiservataMovimenti" name="test_get_movimenti_list" time="0.044" /><testcase classname="tests.test_iteration_32_gestione_riservata.TestGestioneRiservataMovimenti" name="test_get_movimenti_filtered_by_tipo" time="0.037" /><testcase classname="tests.test_iteration_32_gestione_riservata.TestGestioneRiservataMovimenti" name="test_update_movimento" time="0.206" /><testcase classname="tests.test_iteration_32_gestione_riservata.TestGestioneRiservataMovimenti" name="test_delete_movimento" time="0.089" /><testcase classname="tests.test_iteration_32_gestione_riservata.TestGestioneRiservataMovimenti" name="test_get_riepilogo" time="0.043" /><testcase classname="tests.test_iteration_32_gestione_riservata.TestVolumeAffariReale" name="test_get_volume_affari_reale_2026" time="0.044" /><testcase classname="tests.test_iteration_32_gestione_riservata.TestVolumeAffariReale" name="test_volume_affari_reale_with_month" time="0.043" /><testcase classname="tests.test_iteration_32_gestione_riservata.TestVolumeAffariReale" name="test_volume_affari_reale_missing_anno" time="0.041" /><testcase classname="tests.test_iteration_32_gestione_riservata.TestF24UploadMultiple" name="test_upload_multiple_endpoint_exists" time="0.037" /><testcase classname="tests.test_iteration_32_gestione_riservata.TestF24UploadMultiple" name="test_f24_documents_list" time="0.034" /><testcase classname="tests.test_iteration_32_gestione_riservata.TestCleanup" name="test_cleanup_test_movimenti" time="0.115" /></testsuite></testsuites>