<?xml version="1.0" encoding="utf-8"?><testsuites name="pytest tests"><testsuite name="pytest" errors="0" failures="1" skipped="0" tests="14" time="5.441" timestamp="2026-01-16T15:52:24.494360+00:00" hostname="agent-env-817b489a-d6ac-424e-bc68-2beaf1b8c432"><testcase classname="tests.test_e2e_finale.TestCorrispettiviAPI" name="test_corrispettivi_filter_anno_2026" time="0.180" /><testcase classname="tests.test_e2e_finale.TestCorrispettiviAPI" name="test_corrispettivi_filter_anno_2025" time="0.718" /><testcase classname="tests.test_e2e_finale.TestRiconciliazioneAPI" name="test_smart_analizza_response_time" time="1.442" /><testcase classname="tests.test_e2e_finale.TestRiconciliazioneAPI" name="test_smart_analizza_with_limit" time="1.225" /><testcase classname="tests.test_e2e_finale.TestFornitoriAPI" name="test_fornitori_count" time="0.378" /><testcase classname="tests.test_e2e_finale.TestFornitoriAPI" name="test_fornitori_data_structure" time="0.378" /><testcase classname="tests.test_e2e_finale.TestWebSocketAPI" name="test_realtime_status" time="0.049" /><testcase classname="tests.test_e2e_finale.TestWebSocketAPI" name="test_realtime_status_connections" time="0.035" /><testcase classname="tests.test_e2e_finale.TestDipendentiAPI" name="test_dipendenti_list" time="0.174" /><testcase classname="tests.test_e2e_finale.TestDipendentiAPI" name="test_dipendenti_data_structure" time="0.149" /><testcase classname="tests.test_e2e_finale.TestHealthAPI" name="test_health_check" time="0.038" /><testcase classname="tests.test_e2e_finale.TestHealthAPI" name="test_root_api" time="0.039"><failure message="assert 404 == 200&#10; +  where 404 = &lt;Response [404]&gt;.status_code">tests/test_e2e_finale.py:180: in test_root_api
    assert response.status_code == 200
E   assert 404 == 200
E    +  where 404 = &lt;Response [404]&gt;.status_code</failure></testcase><testcase classname="tests.test_e2e_finale.TestPrimaNotaAPI" name="test_prima_nota_cassa" time="0.261" /><testcase classname="tests.test_e2e_finale.TestPrimaNotaAPI" name="test_prima_nota_banca" time="0.277" /></testsuite></testsuites>