<?xml version="1.0" encoding="utf-8"?><testsuites name="pytest tests"><testsuite name="pytest" errors="0" failures="0" skipped="0" tests="13" time="1.771" timestamp="2026-01-06T22:22:47.176302+00:00" hostname="agent-env-4a8be7b3-08de-4dd0-97b0-dfd82e62337d"><testcase classname="tests.test_iteration_33_ricette_lotti.TestRicetteAPI" name="test_list_ricette" time="0.270" /><testcase classname="tests.test_iteration_33_ricette_lotti.TestRicetteAPI" name="test_list_ricette_with_search" time="0.046" /><testcase classname="tests.test_iteration_33_ricette_lotti.TestRicetteAPI" name="test_list_ricette_with_categoria" time="0.201" /><testcase classname="tests.test_iteration_33_ricette_lotti.TestRicetteAPI" name="test_get_categorie" time="0.045" /><testcase classname="tests.test_iteration_33_ricette_lotti.TestLottiAPI" name="test_list_lotti" time="0.068" /><testcase classname="tests.test_iteration_33_ricette_lotti.TestLottiAPI" name="test_list_lotti_with_stato_filter" time="0.045" /><testcase classname="tests.test_iteration_33_ricette_lotti.TestLottiAPI" name="test_lotto_code_format" time="0.040" /><testcase classname="tests.test_iteration_33_ricette_lotti.TestLottiAPI" name="test_lotto_has_tracciabilita" time="0.041" /><testcase classname="tests.test_iteration_33_ricette_lotti.TestProduzioniAPI" name="test_list_produzioni" time="0.041" /><testcase classname="tests.test_iteration_33_ricette_lotti.TestProduzioniAPI" name="test_create_produzione" time="0.348" /><testcase classname="tests.test_iteration_33_ricette_lotti.TestLottoStatoUpdate" name="test_update_lotto_stato" time="0.169" /><testcase classname="tests.test_iteration_33_ricette_lotti.TestRicettaCRUD" name="test_create_ricetta" time="0.122" /><testcase classname="tests.test_iteration_33_ricette_lotti.TestRicettaCRUD" name="test_update_ricetta" time="0.163" /></testsuite></testsuites>