<?xml version="1.0" encoding="utf-8"?><testsuites name="pytest tests"><testsuite name="pytest" errors="0" failures="0" skipped="0" tests="16" time="5.910" timestamp="2026-01-04T15:59:25.427785+00:00" hostname="agent-env-656fe4c5-d088-492e-a86f-22d73f63e71c"><testcase classname="tests.test_prima_nota_features.TestPrimaNotaCassa" name="test_cassa_endpoint_returns_data" time="0.099" /><testcase classname="tests.test_prima_nota_features.TestPrimaNotaCassa" name="test_cassa_has_many_movements_for_pagination" time="0.064" /><testcase classname="tests.test_prima_nota_features.TestPrimaNotaCassa" name="test_cassa_month_filter_december_2025" time="0.044" /><testcase classname="tests.test_prima_nota_features.TestPrimaNotaCassa" name="test_cassa_month_filter_november_2025" time="0.045" /><testcase classname="tests.test_prima_nota_features.TestPrimaNotaCassa" name="test_cassa_balance_approximately_negative_2_4m" time="0.058" /><testcase classname="tests.test_prima_nota_features.TestPrimaNotaBanca" name="test_banca_endpoint_returns_data" time="0.052" /><testcase classname="tests.test_prima_nota_features.TestPrimaNotaBanca" name="test_banca_balance_approximately_2_9m" time="0.048" /><testcase classname="tests.test_prima_nota_features.TestPrimaNotaStats" name="test_stats_endpoint" time="0.043" /><testcase classname="tests.test_prima_nota_features.TestPrimaNotaStats" name="test_total_balance_approximately_526k" time="0.046" /><testcase classname="tests.test_prima_nota_features.TestCorrispettiviSync" name="test_corrispettivi_status_endpoint" time="0.045" /><testcase classname="tests.test_prima_nota_features.TestCorrispettiviSync" name="test_sync_corrispettivi_endpoint" time="0.269" /><testcase classname="tests.test_prima_nota_features.TestCorrispettiviSync" name="test_corrispettivi_are_entrate_in_cassa" time="0.055" /><testcase classname="tests.test_prima_nota_features.TestPOSAsEntrata" name="test_pos_movements_are_entrate" time="0.060" /><testcase classname="tests.test_prima_nota_features.TestProductsCatalog" name="test_products_catalog_endpoint" time="4.626" /><testcase classname="tests.test_prima_nota_features.TestProductsCatalog" name="test_products_categories_endpoint" time="0.063" /><testcase classname="tests.test_prima_nota_features.TestProductsCatalog" name="test_products_search_endpoint" time="0.039" /></testsuite></testsuites>