<?xml version="1.0" encoding="utf-8"?><testsuites name="pytest tests"><testsuite name="pytest" errors="0" failures="2" skipped="0" tests="34" time="2.890" timestamp="2026-01-07T04:17:56.037932+00:00" hostname="agent-env-7d2c6b6d-e63e-41c8-a056-d338bbd81248"><testcase classname="tests.test_iteration_35_new_modules.TestCodiciTributoF24" name="test_get_codice_info_known_code" time="0.350" /><testcase classname="tests.test_iteration_35_new_modules.TestCodiciTributoF24" name="test_get_codice_info_unknown_code" time="0.000" /><testcase classname="tests.test_iteration_35_new_modules.TestCodiciTributoF24" name="test_get_descrizione_tributo" time="0.000" /><testcase classname="tests.test_iteration_35_new_modules.TestCodiciTributoF24" name="test_get_tipo_tributo" time="0.000" /><testcase classname="tests.test_iteration_35_new_modules.TestCodiciTributoF24" name="test_get_sezione_tributo" time="0.000" /><testcase classname="tests.test_iteration_35_new_modules.TestCodiciTributoF24" name="test_get_codici_by_sezione" time="0.000" /><testcase classname="tests.test_iteration_35_new_modules.TestCodiciTributoF24" name="test_cerca_codice_tributo" time="0.000" /><testcase classname="tests.test_iteration_35_new_modules.TestCodiciTributoF24" name="test_get_all_codici" time="0.101" /><testcase classname="tests.test_iteration_35_new_modules.TestLibroUnicoParser" name="test_safe_float" time="0.001"><failure message="AssertionError: assert 0.0 == 1234.56&#10; +  where 0.0 = &lt;function safe_float at 0xfb3f73549e40&gt;('1.234,56')">tests/test_iteration_35_new_modules.py:120: in test_safe_float
    assert safe_float("1.234,56") == 1234.56
E   AssertionError: assert 0.0 == 1234.56
E    +  where 0.0 = &lt;function safe_float at 0xfb3f73549e40&gt;('1.234,56')</failure></testcase><testcase classname="tests.test_iteration_35_new_modules.TestLibroUnicoParser" name="test_safe_int" time="0.000" /><testcase classname="tests.test_iteration_35_new_modules.TestLibroUnicoParser" name="test_normalize_date" time="0.000" /><testcase classname="tests.test_iteration_35_new_modules.TestLibroUnicoParser" name="test_extract_competenza_month" time="0.001" /><testcase classname="tests.test_iteration_35_new_modules.TestLibroUnicoParser" name="test_detect_pdf_type" time="0.000" /><testcase classname="tests.test_iteration_35_new_modules.TestLibroUnicoParser" name="test_parsing_error_exception" time="1.052" /><testcase classname="tests.test_iteration_35_new_modules.TestBustePagaAPI" name="test_upload_without_file" time="0.078" /><testcase classname="tests.test_iteration_35_new_modules.TestBustePagaAPI" name="test_upload_non_pdf_file" time="0.044"><failure message="AssertionError: assert 'PDF' in ''&#10; +  where '' = &lt;built-in method get of dict object at 0xfb3f734226c0&gt;('detail', '')&#10; +    where &lt;built-in method get of dict object at 0xfb3f734226c0&gt; = {'error': 'HTTPException', 'message': 'Il file deve essere un PDF'}.get&#10; +      where {'error': 'HTTPException', 'message': 'Il file deve essere un PDF'} = json()&#10; +        where json = &lt;Response [400]&gt;.json">tests/test_iteration_35_new_modules.py:198: in test_upload_non_pdf_file
    assert "PDF" in response.json().get("detail", "")
E   AssertionError: assert 'PDF' in ''
E    +  where '' = &lt;built-in method get of dict object at 0xfb3f734226c0&gt;('detail', '')
E    +    where &lt;built-in method get of dict object at 0xfb3f734226c0&gt; = {'error': 'HTTPException', 'message': 'Il file deve essere un PDF'}.get
E    +      where {'error': 'HTTPException', 'message': 'Il file deve essere un PDF'} = json()
E    +        where json = &lt;Response [400]&gt;.json</failure></testcase><testcase classname="tests.test_iteration_35_new_modules.TestBustePagaAPI" name="test_lista_competenze" time="0.043" /><testcase classname="tests.test_iteration_35_new_modules.TestBustePagaAPI" name="test_riepilogo_mensile" time="0.041" /><testcase classname="tests.test_iteration_35_new_modules.TestBustePagaAPI" name="test_lista_buste_paga" time="0.039" /><testcase classname="tests.test_iteration_35_new_modules.TestBustePagaAPI" name="test_lista_buste_paga_with_filters" time="0.079" /><testcase classname="tests.test_iteration_35_new_modules.TestComparatoreAPI" name="test_comparatore_root" time="0.045" /><testcase classname="tests.test_iteration_35_new_modules.TestComparatoreAPI" name="test_get_suppliers" time="0.041" /><testcase classname="tests.test_iteration_35_new_modules.TestComparatoreAPI" name="test_get_products_search" time="0.077" /><testcase classname="tests.test_iteration_35_new_modules.TestComparatoreAPI" name="test_get_products_no_search" time="0.097" /><testcase classname="tests.test_iteration_35_new_modules.TestComparatoreAPI" name="test_get_cart" time="0.037" /><testcase classname="tests.test_iteration_35_new_modules.TestComparatoreAPI" name="test_get_invoices" time="0.052" /><testcase classname="tests.test_iteration_35_new_modules.TestComparatoreAPI" name="test_get_unmapped_products" time="0.041" /><testcase classname="tests.test_iteration_35_new_modules.TestComparatoreAPI" name="test_get_mapped_products" time="0.042" /><testcase classname="tests.test_iteration_35_new_modules.TestComparatoreAPI" name="test_get_excluded_suppliers" time="0.034" /><testcase classname="tests.test_iteration_35_new_modules.TestComparatoreAPI" name="test_cart_add_and_remove" time="0.116" /><testcase classname="tests.test_iteration_35_new_modules.TestComparatoreAPI" name="test_map_product" time="0.047" /><testcase classname="tests.test_iteration_35_new_modules.TestComparatoreAPI" name="test_exclude_supplier" time="0.116" /><testcase classname="tests.test_iteration_35_new_modules.TestHealthCheck" name="test_api_health" time="0.037" /><testcase classname="tests.test_iteration_35_new_modules.TestHealthCheck" name="test_root_endpoint" time="0.134" /></testsuite></testsuites>