<?xml version="1.0" encoding="utf-8"?><testsuites name="pytest tests"><testsuite name="pytest" errors="0" failures="4" skipped="0" tests="23" time="1.277" timestamp="2026-01-06T10:05:08.864738+00:00" hostname="agent-env-af8a1eee-a6ed-401b-a770-c15f30314fd3"><testcase classname="tests.test_new_features_v4.TestPDFExport" name="test_pdf_export_returns_200" time="0.088" /><testcase classname="tests.test_new_features_v4.TestPDFExport" name="test_pdf_export_content_type" time="0.050" /><testcase classname="tests.test_new_features_v4.TestPDFExport" name="test_pdf_export_valid_pdf" time="0.050" /><testcase classname="tests.test_new_features_v4.TestPDFExport" name="test_pdf_export_with_different_regions" time="0.231" /><testcase classname="tests.test_new_features_v4.TestCalcoloImposte" name="test_calcolo_imposte_returns_200" time="0.041" /><testcase classname="tests.test_new_features_v4.TestCalcoloImposte" name="test_calcolo_imposte_structure" time="0.037" /><testcase classname="tests.test_new_features_v4.TestCalcoloImposte" name="test_calcolo_imposte_ires_structure" time="0.037" /><testcase classname="tests.test_new_features_v4.TestCalcoloImposte" name="test_calcolo_imposte_irap_structure" time="0.044" /><testcase classname="tests.test_new_features_v4.TestCalcoloImposte" name="test_calcolo_imposte_campania_aliquota" time="0.038" /><testcase classname="tests.test_new_features_v4.TestCalcoloImposte" name="test_calcolo_imposte_totale_consistency" time="0.040" /><testcase classname="tests.test_new_features_v4.TestAliquoteIRAP" name="test_aliquote_irap_returns_200" time="0.036" /><testcase classname="tests.test_new_features_v4.TestAliquoteIRAP" name="test_aliquote_irap_structure" time="0.044" /><testcase classname="tests.test_new_features_v4.TestAliquoteIRAP" name="test_aliquote_irap_campania" time="0.037" /><testcase classname="tests.test_new_features_v4.TestBilancioDettagliato" name="test_bilancio_dettagliato_returns_200" time="0.041" /><testcase classname="tests.test_new_features_v4.TestBilancioDettagliato" name="test_bilancio_dettagliato_structure" time="0.038" /><testcase classname="tests.test_new_features_v4.TestStatisticheCategorizzazione" name="test_statistiche_returns_200" time="0.039" /><testcase classname="tests.test_new_features_v4.TestStatisticheCategorizzazione" name="test_statistiche_structure" time="0.039" /><testcase classname="tests.test_new_features_v4.TestDashboardEndpoints" name="test_dashboard_summary_returns_200" time="0.044" /><testcase classname="tests.test_new_features_v4.TestDashboardEndpoints" name="test_health_endpoint" time="0.035" /><testcase classname="tests.test_new_features_v4.TestRegoleCategorizzazione" name="test_get_regole_fornitori" time="0.037"><failure message="assert 404 == 200&#10; +  where 404 = &lt;Response [404]&gt;.status_code">tests/test_new_features_v4.py:204: in test_get_regole_fornitori
    assert response.status_code == 200
E   assert 404 == 200
E    +  where 404 = &lt;Response [404]&gt;.status_code</failure></testcase><testcase classname="tests.test_new_features_v4.TestRegoleCategorizzazione" name="test_get_regole_descrizioni" time="0.040"><failure message="assert 404 == 200&#10; +  where 404 = &lt;Response [404]&gt;.status_code">tests/test_new_features_v4.py:211: in test_get_regole_descrizioni
    assert response.status_code == 200
E   assert 404 == 200
E    +  where 404 = &lt;Response [404]&gt;.status_code</failure></testcase><testcase classname="tests.test_new_features_v4.TestRegoleCategorizzazione" name="test_get_categorie" time="0.036"><failure message="assert 404 == 200&#10; +  where 404 = &lt;Response [404]&gt;.status_code">tests/test_new_features_v4.py:218: in test_get_categorie
    assert response.status_code == 200
E   assert 404 == 200
E    +  where 404 = &lt;Response [404]&gt;.status_code</failure></testcase><testcase classname="tests.test_new_features_v4.TestRegoleCategorizzazione" name="test_excel_export" time="0.036"><failure message="assert 404 == 200&#10; +  where 404 = &lt;Response [404]&gt;.status_code">tests/test_new_features_v4.py:225: in test_excel_export
    assert response.status_code == 200
E   assert 404 == 200
E    +  where 404 = &lt;Response [404]&gt;.status_code</failure></testcase></testsuite></testsuites>