<?xml version="1.0" encoding="utf-8"?><testsuites name="pytest tests"><testsuite name="pytest" errors="0" failures="0" skipped="0" tests="12" time="10.280" timestamp="2026-01-17T03:20:36.454679+00:00" hostname="agent-env-67901e2c-58b4-4e72-bb1b-ac5051b44d58"><testcase classname="tests.test_iteration_16_cedolini_unificati.TestHealthEndpoint" name="test_health_endpoint" time="0.054" /><testcase classname="tests.test_iteration_16_cedolini_unificati.TestCedoliniUnificati" name="test_cedolini_endpoint_returns_474_records" time="0.494" /><testcase classname="tests.test_iteration_16_cedolini_unificati.TestCedoliniUnificati" name="test_cedolini_data_structure" time="0.267" /><testcase classname="tests.test_iteration_16_cedolini_unificati.TestEmployeesPayslips" name="test_employees_payslips_reads_from_cedolini" time="0.382" /><testcase classname="tests.test_iteration_16_cedolini_unificati.TestEmployeesPayslips" name="test_payslips_data_structure" time="0.273" /><testcase classname="tests.test_iteration_16_cedolini_unificati.TestEmployeesUltimoPeriodo" name="test_employees_shows_ultimo_periodo" time="3.155" /><testcase classname="tests.test_iteration_16_cedolini_unificati.TestEmployeesUltimoPeriodo" name="test_employees_netto_lordo_from_cedolini" time="3.143" /><testcase classname="tests.test_iteration_16_cedolini_unificati.TestDipendentiEndpoint" name="test_dipendenti_list" time="0.169" /><testcase classname="tests.test_iteration_16_cedolini_unificati.TestChiusuraEsercizio" name="test_chiusura_esercizio_stato" time="0.149" /><testcase classname="tests.test_iteration_16_cedolini_unificati.TestChiusuraEsercizio" name="test_chiusura_esercizio_verifica_preliminare" time="0.933" /><testcase classname="tests.test_iteration_16_cedolini_unificati.TestChiusuraEsercizio" name="test_chiusura_esercizio_bilancino" time="0.709" /><testcase classname="tests.test_iteration_16_cedolini_unificati.TestDocumentPeriodExtraction" name="test_documents_inbox_has_period_info" time="0.481" /></testsuite></testsuites>