<?xml version="1.0" encoding="utf-8"?><testsuites name="pytest tests"><testsuite name="pytest" errors="0" failures="0" skipped="0" tests="15" time="3.616" timestamp="2026-01-06T16:48:05.198043+00:00" hostname="agent-env-4f06c6a6-0954-4ec6-8511-ada854c4db25"><testcase classname="tests.test_iteration_27_features.TestRicetteImport" name="test_ricette_count_is_90" time="0.263" /><testcase classname="tests.test_iteration_27_features.TestRicetteImport" name="test_ricette_have_required_fields" time="0.053" /><testcase classname="tests.test_iteration_27_features.TestIVAAnnual" name="test_iva_annual_2024_has_data" time="0.130" /><testcase classname="tests.test_iteration_27_features.TestIVAAnnual" name="test_iva_2024_different_values_per_month" time="0.138" /><testcase classname="tests.test_iteration_27_features.TestIVAAnnual" name="test_iva_annual_2023_exists" time="0.142" /><testcase classname="tests.test_iteration_27_features.TestIVAAnnual" name="test_iva_annual_2025_exists" time="0.141" /><testcase classname="tests.test_iteration_27_features.TestSupplierDeleteWithInvoices" name="test_delete_supplier_with_invoices_returns_400" time="0.048" /><testcase classname="tests.test_iteration_27_features.TestSupplierDeleteWithInvoices" name="test_delete_supplier_error_message_contains_count" time="0.044" /><testcase classname="tests.test_iteration_27_features.TestSupplierDeleteWithInvoices" name="test_force_delete_works" time="0.123" /><testcase classname="tests.test_iteration_27_features.TestSupplierSearch" name="test_search_by_name" time="0.041" /><testcase classname="tests.test_iteration_27_features.TestSupplierSearch" name="test_search_by_piva" time="0.043" /><testcase classname="tests.test_iteration_27_features.TestSupplierSearch" name="test_search_case_insensitive" time="0.089" /><testcase classname="tests.test_iteration_27_features.TestSupplierSearch" name="test_supplier_has_invoice_count" time="0.043" /><testcase classname="tests.test_iteration_27_features.TestSupplierStats" name="test_suppliers_total_count" time="1.063" /><testcase classname="tests.test_iteration_27_features.TestSupplierStats" name="test_suppliers_with_invoices" time="1.085" /></testsuite></testsuites>