<?xml version="1.0" encoding="utf-8"?><testsuites name="pytest tests"><testsuite name="pytest" errors="0" failures="0" skipped="0" tests="12" time="0.657" timestamp="2026-01-07T05:06:31.823233+00:00" hostname="agent-env-61167072-7a27-433a-9250-e3d64498ed03"><testcase classname="tests.test_iteration_37_f24_parser_fix.TestF24ParserFix" name="test_f24_has_13_tributi_erario" time="0.079" /><testcase classname="tests.test_iteration_37_f24_parser_fix.TestF24ParserFix" name="test_codice_3802_appears_twice" time="0.036" /><testcase classname="tests.test_iteration_37_f24_parser_fix.TestF24ParserFix" name="test_codice_3847_appears_twice" time="0.043" /><testcase classname="tests.test_iteration_37_f24_parser_fix.TestF24ParserFix" name="test_codice_3797_appears_twice" time="0.040" /><testcase classname="tests.test_iteration_37_f24_parser_fix.TestF24ParserFix" name="test_codice_1001_appears_twice" time="0.039" /><testcase classname="tests.test_iteration_37_f24_parser_fix.TestF24ParserFix" name="test_saldo_netto_is_correct" time="0.040" /><testcase classname="tests.test_iteration_37_f24_parser_fix.TestF24ParserFix" name="test_all_tributi_have_required_fields" time="0.043" /><testcase classname="tests.test_iteration_37_f24_parser_fix.TestF24ListAPI" name="test_commercialista_list_includes_f24_with_13_tributi" time="0.041" /><testcase classname="tests.test_iteration_37_f24_parser_fix.TestF24ListAPI" name="test_totale_da_pagare_includes_correct_amount" time="0.042" /><testcase classname="tests.test_iteration_37_f24_parser_fix.TestDashboardAPI" name="test_dashboard_shows_correct_totale_da_pagare" time="0.041" /><testcase classname="tests.test_iteration_37_f24_parser_fix.TestDeduplicationLogic" name="test_same_codice_different_anno_not_deduplicated" time="0.036" /><testcase classname="tests.test_iteration_37_f24_parser_fix.TestDeduplicationLogic" name="test_same_codice_different_importo_not_deduplicated" time="0.036" /></testsuite></testsuites>