<?xml version="1.0" encoding="utf-8"?><testsuites name="pytest tests"><testsuite name="pytest" errors="0" failures="0" skipped="0" tests="21" time="1.138" timestamp="2026-01-07T04:26:02.440456+00:00" hostname="agent-env-7d2c6b6d-e63e-41c8-a056-d338bbd81248"><testcase classname="tests.test_iteration_36_f24_riconciliazione.TestF24RiconciliazioneDashboard" name="test_dashboard_returns_200" time="0.070" /><testcase classname="tests.test_iteration_36_f24_riconciliazione.TestF24RiconciliazioneDashboard" name="test_dashboard_structure" time="0.053" /><testcase classname="tests.test_iteration_36_f24_riconciliazione.TestF24CommercialistaList" name="test_list_returns_200" time="0.047" /><testcase classname="tests.test_iteration_36_f24_riconciliazione.TestF24CommercialistaList" name="test_list_structure" time="0.043" /><testcase classname="tests.test_iteration_36_f24_riconciliazione.TestF24CommercialistaList" name="test_list_filter_da_pagare" time="0.043" /><testcase classname="tests.test_iteration_36_f24_riconciliazione.TestF24CommercialistaList" name="test_list_filter_pagato" time="0.057" /><testcase classname="tests.test_iteration_36_f24_riconciliazione.TestF24CommercialistaList" name="test_list_filter_eliminato" time="0.039" /><testcase classname="tests.test_iteration_36_f24_riconciliazione.TestVerificaCodiceTributo" name="test_verifica_codice_1001" time="0.083" /><testcase classname="tests.test_iteration_36_f24_riconciliazione.TestVerificaCodiceTributo" name="test_verifica_codice_6001" time="0.050" /><testcase classname="tests.test_iteration_36_f24_riconciliazione.TestVerificaCodiceTributo" name="test_verifica_codice_with_anno" time="0.043" /><testcase classname="tests.test_iteration_36_f24_riconciliazione.TestVerificaCodiceTributo" name="test_verifica_codice_with_mese_anno" time="0.049" /><testcase classname="tests.test_iteration_36_f24_riconciliazione.TestVerificaCodiceTributo" name="test_verifica_codice_nonexistent" time="0.041" /><testcase classname="tests.test_iteration_36_f24_riconciliazione.TestAlerts" name="test_alerts_returns_200" time="0.044" /><testcase classname="tests.test_iteration_36_f24_riconciliazione.TestAlerts" name="test_alerts_structure" time="0.048" /><testcase classname="tests.test_iteration_36_f24_riconciliazione.TestAlerts" name="test_alerts_filter_pending" time="0.036" /><testcase classname="tests.test_iteration_36_f24_riconciliazione.TestAlerts" name="test_alerts_filter_resolved" time="0.045" /><testcase classname="tests.test_iteration_36_f24_riconciliazione.TestAlerts" name="test_alerts_filter_dismissed" time="0.034" /><testcase classname="tests.test_iteration_36_f24_riconciliazione.TestUploadEndpoint" name="test_upload_requires_pdf" time="0.046" /><testcase classname="tests.test_iteration_36_f24_riconciliazione.TestF24Detail" name="test_detail_nonexistent_returns_404" time="0.036" /><testcase classname="tests.test_iteration_36_f24_riconciliazione.TestAlertActions" name="test_conferma_elimina_nonexistent_returns_404" time="0.078" /><testcase classname="tests.test_iteration_36_f24_riconciliazione.TestAlertActions" name="test_ignora_nonexistent_returns_404" time="0.040" /></testsuite></testsuites>