<?xml version="1.0" encoding="utf-8"?><testsuites name="pytest tests"><testsuite name="pytest" errors="0" failures="1" skipped="0" tests="17" time="1.260" timestamp="2026-01-06T08:43:59.439764+00:00" hostname="agent-env-1992c66e-c84f-4f19-a34a-2c2f84e3d8b3"><testcase classname="tests.test_contabilita_avanzata.TestCategorizzazionePreview" name="test_categorizza_bevande_alcoliche_limoncello" time="0.104" /><testcase classname="tests.test_contabilita_avanzata.TestCategorizzazionePreview" name="test_categorizza_telefonia_tim_wifi" time="0.041" /><testcase classname="tests.test_contabilita_avanzata.TestCategorizzazionePreview" name="test_categorizza_google_workspace" time="0.039" /><testcase classname="tests.test_contabilita_avanzata.TestCategorizzazionePreview" name="test_categorizza_carburante" time="0.040"><failure message="AssertionError: assert 'alimentari' == 'carburante'&#10;  &#10;  - carburante&#10;  + alimentari">tests/test_contabilita_avanzata.py:82: in test_categorizza_carburante
    assert data["categorizzazione"]["categoria_merceologica"] == "carburante"
E   AssertionError: assert 'alimentari' == 'carburante'
E     
E     - carburante
E     + alimentari</failure></testcase><testcase classname="tests.test_contabilita_avanzata.TestCategorizzazionePreview" name="test_categorizza_vino" time="0.037" /><testcase classname="tests.test_contabilita_avanzata.TestCategorizzazionePreview" name="test_categorizza_prodotti_alimentari" time="0.046" /><testcase classname="tests.test_contabilita_avanzata.TestCalcoloImposte" name="test_calcolo_imposte_default_region" time="0.039" /><testcase classname="tests.test_contabilita_avanzata.TestCalcoloImposte" name="test_calcolo_imposte_calabria" time="0.036" /><testcase classname="tests.test_contabilita_avanzata.TestCalcoloImposte" name="test_calcolo_imposte_campania" time="0.038" /><testcase classname="tests.test_contabilita_avanzata.TestCalcoloImposte" name="test_calcolo_imposte_variazioni_fiscali" time="0.036" /><testcase classname="tests.test_contabilita_avanzata.TestStatisticheCategorizzazione" name="test_get_statistiche_categorizzazione" time="0.044" /><testcase classname="tests.test_contabilita_avanzata.TestBilancioDettagliato" name="test_get_bilancio_dettagliato" time="0.041" /><testcase classname="tests.test_contabilita_avanzata.TestBilancioDettagliato" name="test_bilancio_voci_con_deducibilita" time="0.042" /><testcase classname="tests.test_contabilita_avanzata.TestInizializzaPianoEsteso" name="test_inizializza_piano_esteso" time="0.068" /><testcase classname="tests.test_contabilita_avanzata.TestAliquoteIRAP" name="test_get_aliquote_irap" time="0.164" /><testcase classname="tests.test_contabilita_avanzata.TestPianoContiEsteso" name="test_get_piano_conti_esteso" time="0.044" /><testcase classname="tests.test_contabilita_avanzata.TestIntegration" name="test_full_categorization_flow" time="0.225" /></testsuite></testsuites>