<?xml version="1.0" encoding="utf-8"?><testsuites name="pytest tests"><testsuite name="pytest" errors="0" failures="0" skipped="0" tests="12" time="1.293" timestamp="2026-01-04T12:59:45.583018+00:00" hostname="agent-env-a7293eea-ace5-49d1-a2e7-508ed4cb91c4"><testcase classname="tests.test_new_erp_features.TestHACCPScheduler" name="test_scheduler_status" time="0.114" /><testcase classname="tests.test_new_erp_features.TestHACCPScheduler" name="test_scheduler_trigger_now" time="0.047" /><testcase classname="tests.test_new_erp_features.TestPrimaNotaCassa" name="test_put_cassa_movement" time="0.164" /><testcase classname="tests.test_new_erp_features.TestPrimaNotaCassa" name="test_delete_cassa_movement" time="0.159" /><testcase classname="tests.test_new_erp_features.TestPrimaNotaCassa" name="test_put_nonexistent_cassa" time="0.038" /><testcase classname="tests.test_new_erp_features.TestPrimaNotaCassa" name="test_delete_nonexistent_cassa" time="0.037" /><testcase classname="tests.test_new_erp_features.TestPrimaNotaBanca" name="test_put_banca_movement" time="0.200" /><testcase classname="tests.test_new_erp_features.TestF24" name="test_get_f24_models" time="0.036" /><testcase classname="tests.test_new_erp_features.TestF24" name="test_put_f24_model" time="0.077" /><testcase classname="tests.test_new_erp_features.TestF24" name="test_put_nonexistent_f24" time="0.039" /><testcase classname="tests.test_new_erp_features.TestF24" name="test_delete_nonexistent_f24" time="0.036" /><testcase classname="tests.test_new_erp_features.TestPrimaNotaDeleteBanca" name="test_delete_banca_movement" time="0.109" /></testsuite></testsuites>