<?xml version="1.0" encoding="utf-8"?><testsuites name="pytest tests"><testsuite name="pytest" errors="0" failures="3" skipped="4" tests="18" time="1.566" timestamp="2026-01-05T07:47:16.910392+00:00" hostname="agent-env-57577d54-1fd9-47fc-9c82-e44b4d4bc48f"><testcase classname="tests.test_security_controls.TestSecurityControlsFatture" name="test_cannot_delete_paid_invoice" time="0.130"><failure message="AssertionError: Expected 'pagata' in errors: []&#10;assert False&#10; +  where False = any(&lt;generator object TestSecurityControlsFatture.test_cannot_delete_paid_invoice.&lt;locals&gt;.&lt;genexpr&gt; at 0xfe36f51c4e40&gt;)">tests/test_security_controls.py:55: in test_cannot_delete_paid_invoice
    assert any('pagata' in str(e).lower() for e in errors), f"Expected 'pagata' in errors: {errors}"
E   AssertionError: Expected 'pagata' in errors: []
E   assert False
E    +  where False = any(&lt;generator object TestSecurityControlsFatture.test_cannot_delete_paid_invoice.&lt;locals&gt;.&lt;genexpr&gt; at 0xfe36f51c4e40&gt;)</failure></testcase><testcase classname="tests.test_security_controls.TestSecurityControlsFatture" name="test_can_delete_unpaid_invoice" time="0.125" /><testcase classname="tests.test_security_controls.TestSecurityControlsPrimaNota" name="test_cannot_delete_reconciled_movement_cassa" time="0.053"><skipped type="pytest.skip" message="No reconciled movements to test">/app/tests/test_security_controls.py:140: No reconciled movements to test</skipped></testcase><testcase classname="tests.test_security_controls.TestSecurityControlsPrimaNota" name="test_cannot_delete_reconciled_movement_banca" time="0.049"><skipped type="pytest.skip" message="No reconciled banca movements to test">/app/tests/test_security_controls.py:163: No reconciled banca movements to test</skipped></testcase><testcase classname="tests.test_security_controls.TestSecurityControlsPrimaNota" name="test_can_delete_draft_movement" time="0.076" /><testcase classname="tests.test_security_controls.TestSecurityControlsAssegni" name="test_cannot_delete_emesso_assegno" time="0.042"><skipped type="pytest.skip" message="No emesso assegni found to test">/app/tests/test_security_controls.py:221: No emesso assegni found to test</skipped></testcase><testcase classname="tests.test_security_controls.TestSecurityControlsAssegni" name="test_cannot_delete_incassato_assegno" time="0.090" /><testcase classname="tests.test_security_controls.TestSecurityControlsAssegni" name="test_can_delete_vuoto_assegno" time="0.076" /><testcase classname="tests.test_security_controls.TestSecurityControlsCorrispettivi" name="test_cannot_delete_sent_ade_corrispettivo" time="0.047"><skipped type="pytest.skip" message="No sent_ade corrispettivi found to test">/app/tests/test_security_controls.py:306: No sent_ade corrispettivi found to test</skipped></testcase><testcase classname="tests.test_security_controls.TestSecurityControlsCorrispettivi" name="test_can_delete_imported_corrispettivo" time="0.123" /><testcase classname="tests.test_security_controls.TestDataPropagation" name="test_payment_creates_prima_nota_movement" time="0.223"><failure message="AssertionError: No new Prima Nota movement created&#10;assert 1000 &gt; 1000">tests/test_security_controls.py:397: in test_payment_creates_prima_nota_movement
    assert after_count &gt; before_count, "No new Prima Nota movement created"
E   AssertionError: No new Prima Nota movement created
E   assert 1000 &gt; 1000</failure></testcase><testcase classname="tests.test_security_controls.TestBusinessRulesValidation" name="test_business_rules_module_exists" time="0.035" /><testcase classname="tests.test_security_controls.TestBusinessRulesValidation" name="test_delete_invoice_validation_returns_proper_format" time="0.070"><failure message="AssertionError: assert 'detail' in {'error': 'HTTPException', 'message': {'errors': ['Impossibile eliminare: fattura già pagata'], 'message': 'Eliminazione non consentita'}}">tests/test_security_controls.py:442: in test_delete_invoice_validation_returns_proper_format
    assert 'detail' in data
E   AssertionError: assert 'detail' in {'error': 'HTTPException', 'message': {'errors': ['Impossibile eliminare: fattura già pagata'], 'message': 'Eliminazione non consentita'}}</failure></testcase><testcase classname="tests.test_security_controls.TestFrontendDataLoading" name="test_prima_nota_cassa_loads" time="0.040" /><testcase classname="tests.test_security_controls.TestFrontendDataLoading" name="test_prima_nota_banca_loads" time="0.036" /><testcase classname="tests.test_security_controls.TestFrontendDataLoading" name="test_fatture_list_loads" time="0.056" /><testcase classname="tests.test_security_controls.TestFrontendDataLoading" name="test_corrispettivi_list_loads" time="0.041" /><testcase classname="tests.test_security_controls.TestFrontendDataLoading" name="test_assegni_list_loads" time="0.039" /></testsuite></testsuites>