<?xml version="1.0" encoding="utf-8"?><testsuites name="pytest tests"><testsuite name="pytest" errors="0" failures="0" skipped="0" tests="24" time="1.502" timestamp="2026-01-05T16:19:19.555146+00:00" hostname="agent-env-91790637-b24f-4e09-87fa-4bf70147e754"><testcase classname="tests.test_scadenze_bilancio_features.TestScadenzeProssime" name="test_get_prossime_scadenze_default" time="0.079" /><testcase classname="tests.test_scadenze_bilancio_features.TestScadenzeProssime" name="test_get_prossime_scadenze_with_giorni" time="0.041" /><testcase classname="tests.test_scadenze_bilancio_features.TestScadenzeProssime" name="test_get_prossime_scadenze_with_limit" time="0.037" /><testcase classname="tests.test_scadenze_bilancio_features.TestScadenzeProssime" name="test_scadenze_structure" time="0.036" /><testcase classname="tests.test_scadenze_bilancio_features.TestScadenzeIVA" name="test_get_scadenze_iva_2025" time="0.068" /><testcase classname="tests.test_scadenze_bilancio_features.TestScadenzeIVA" name="test_iva_quarters_structure" time="0.072" /><testcase classname="tests.test_scadenze_bilancio_features.TestScadenzeIVA" name="test_iva_calculation_logic" time="0.062" /><testcase classname="tests.test_scadenze_bilancio_features.TestScadenzeTutte" name="test_get_tutte_scadenze" time="0.039" /><testcase classname="tests.test_scadenze_bilancio_features.TestScadenzeTutte" name="test_filter_by_tipo" time="0.112" /><testcase classname="tests.test_scadenze_bilancio_features.TestScadenzeTutte" name="test_include_passate" time="0.041" /><testcase classname="tests.test_scadenze_bilancio_features.TestScadenzeTutte" name="test_statistiche_structure" time="0.043" /><testcase classname="tests.test_scadenze_bilancio_features.TestScadenzeCrea" name="test_create_scadenza_success" time="0.111" /><testcase classname="tests.test_scadenze_bilancio_features.TestScadenzeCrea" name="test_create_scadenza_minimal" time="0.068" /><testcase classname="tests.test_scadenze_bilancio_features.TestScadenzeCrea" name="test_create_scadenza_missing_data" time="0.037" /><testcase classname="tests.test_scadenze_bilancio_features.TestScadenzeCrea" name="test_create_scadenza_missing_descrizione" time="0.077" /><testcase classname="tests.test_scadenze_bilancio_features.TestScadenzeCompletaElimina" name="test_completa_and_delete_scadenza" time="0.103" /><testcase classname="tests.test_scadenze_bilancio_features.TestScadenzeCompletaElimina" name="test_completa_nonexistent" time="0.032" /><testcase classname="tests.test_scadenze_bilancio_features.TestScadenzeCompletaElimina" name="test_delete_nonexistent" time="0.036" /><testcase classname="tests.test_scadenze_bilancio_features.TestBilancioExportPDFConfronto" name="test_export_confronto_pdf_success" time="0.064" /><testcase classname="tests.test_scadenze_bilancio_features.TestBilancioExportPDFConfronto" name="test_export_confronto_pdf_with_anno_precedente" time="0.067" /><testcase classname="tests.test_scadenze_bilancio_features.TestBilancioExportPDFConfronto" name="test_export_confronto_pdf_missing_anno" time="0.033" /><testcase classname="tests.test_scadenze_bilancio_features.TestBilancioConfrontoAnnuale" name="test_confronto_annuale_success" time="0.055" /><testcase classname="tests.test_scadenze_bilancio_features.TestBilancioConfrontoAnnuale" name="test_confronto_annuale_structure" time="0.054" /><testcase classname="tests.test_scadenze_bilancio_features.TestDashboardScadenzeWidget" name="test_dashboard_scadenze_data" time="0.039" /></testsuite></testsuites>