<?xml version="1.0" encoding="utf-8"?><testsuites name="pytest tests"><testsuite name="pytest" errors="0" failures="2" skipped="0" tests="16" time="1.039" timestamp="2026-01-05T17:35:13.606802+00:00" hostname="agent-env-26467a20-f0fc-4cfd-a6cb-3aa157c9120a"><testcase classname="tests.test_erp_fixes.TestHealthAndBasics" name="test_health_endpoint" time="0.102" /><testcase classname="tests.test_erp_fixes.TestCommercialistaAPI" name="test_commercialista_config" time="0.043" /><testcase classname="tests.test_erp_fixes.TestCommercialistaAPI" name="test_commercialista_prima_nota_cassa" time="0.039" /><testcase classname="tests.test_erp_fixes.TestCommercialistaAPI" name="test_commercialista_fatture_cassa" time="0.041" /><testcase classname="tests.test_erp_fixes.TestCommercialistaAPI" name="test_commercialista_alert_status" time="0.042" /><testcase classname="tests.test_erp_fixes.TestCommercialistaAPI" name="test_commercialista_log" time="0.076" /><testcase classname="tests.test_erp_fixes.TestPrimaNotaAPI" name="test_prima_nota_cassa_list" time="0.046" /><testcase classname="tests.test_erp_fixes.TestPrimaNotaAPI" name="test_prima_nota_banca_list" time="0.044" /><testcase classname="tests.test_erp_fixes.TestPrimaNotaAPI" name="test_prima_nota_movimento_create" time="0.037" /><testcase classname="tests.test_erp_fixes.TestPrimaNotaAPI" name="test_prima_nota_stats" time="0.037" /><testcase classname="tests.test_erp_fixes.TestEstrattoContoParser" name="test_estratto_conto_preview" time="0.039" /><testcase classname="tests.test_erp_fixes.TestEstrattoContoParser" name="test_estratto_conto_parse_pdf" time="0.115" /><testcase classname="tests.test_erp_fixes.TestRiconciliazioneAPI" name="test_bank_statement_stats" time="0.040" /><testcase classname="tests.test_erp_fixes.TestAssegniAPI" name="test_assegni_list" time="0.044" /><testcase classname="tests.test_erp_fixes.TestBilancioAPI" name="test_bilancio_stato_patrimoniale" time="0.084"><failure message="KeyError: 'totale'">tests/test_erp_fixes.py:202: in test_bilancio_stato_patrimoniale
    print(f"✅ Stato Patrimoniale: Attivo={data['attivo']['totale']}, Passivo={data['passivo']['totale']}")
                                          ^^^^^^^^^^^^^^^^^^^^^^^^
E   KeyError: 'totale'</failure></testcase><testcase classname="tests.test_erp_fixes.TestBilancioAPI" name="test_bilancio_conto_economico" time="0.041"><failure message="KeyError: 'totale'">tests/test_erp_fixes.py:211: in test_bilancio_conto_economico
    print(f"✅ Conto Economico: Ricavi={data['ricavi']['totale']}, Costi={data['costi']['totale']}")
                                       ^^^^^^^^^^^^^^^^^^^^^^^^
E   KeyError: 'totale'</failure></testcase></testsuite></testsuites>