<?xml version="1.0" encoding="utf-8"?><testsuites name="pytest tests"><testsuite name="pytest" errors="0" failures="0" skipped="0" tests="14" time="1.081" timestamp="2026-01-10T09:32:29.405649+00:00" hostname="agent-env-382e8e4a-5e43-4777-b684-2135574eb197"><testcase classname="tests.test_iteration_45_lotti_etichette.TestLottiEndpoints" name="test_get_lotti_list" time="0.103" /><testcase classname="tests.test_iteration_45_lotti_etichette.TestLottiEndpoints" name="test_get_lotti_with_filters" time="0.075" /><testcase classname="tests.test_iteration_45_lotti_etichette.TestLottiEndpoints" name="test_get_lotti_fattura" time="0.078" /><testcase classname="tests.test_iteration_45_lotti_etichette.TestLottiEndpoints" name="test_get_lotto_dettaglio" time="0.075" /><testcase classname="tests.test_iteration_45_lotti_etichette.TestLottiEndpoints" name="test_get_lotto_not_found" time="0.035" /><testcase classname="tests.test_iteration_45_lotti_etichette.TestLottoUpdate" name="test_update_lotto_fornitore" time="0.146" /><testcase classname="tests.test_iteration_45_lotti_etichette.TestLottoUpdate" name="test_segna_etichetta_stampata" time="0.117" /><testcase classname="tests.test_iteration_45_lotti_etichette.TestFEFO" name="test_suggerimento_fefo" time="0.044" /><testcase classname="tests.test_iteration_45_lotti_etichette.TestFEFO" name="test_suggerimento_fefo_not_found" time="0.032" /><testcase classname="tests.test_iteration_45_lotti_etichette.TestScaricoProduzioneFefo" name="test_scarico_produzione_fefo_insufficient" time="0.075" /><testcase classname="tests.test_iteration_45_lotti_etichette.TestEtichette" name="test_get_dati_etichetta" time="0.077" /><testcase classname="tests.test_iteration_45_lotti_etichette.TestEtichette" name="test_get_etichetta_not_found" time="0.044" /><testcase classname="tests.test_iteration_45_lotti_etichette.TestParserFunctions" name="test_import_with_lotto_pattern" time="0.039" /><testcase classname="tests.test_iteration_45_lotti_etichette.TestCicloPassivoPage" name="test_dashboard_riconciliazione" time="0.040" /></testsuite></testsuites>