<?xml version="1.0" encoding="utf-8"?><testsuites name="pytest tests"><testsuite name="pytest" errors="0" failures="0" skipped="0" tests="15" time="1.236" timestamp="2026-01-06T17:32:58.627051+00:00" hostname="agent-env-4f06c6a6-0954-4ec6-8511-ada854c4db25"><testcase classname="tests.test_iteration_29_features.TestFattureMetodoPagamento" name="test_update_metodo_pagamento_success" time="0.131" /><testcase classname="tests.test_iteration_29_features.TestFattureMetodoPagamento" name="test_update_metodo_pagamento_missing_field" time="0.041" /><testcase classname="tests.test_iteration_29_features.TestProductsCatalogSearch" name="test_search_products_amarena" time="0.045" /><testcase classname="tests.test_iteration_29_features.TestProductsCatalogSearch" name="test_search_products_generic" time="0.058" /><testcase classname="tests.test_iteration_29_features.TestProductsCatalogSearch" name="test_search_products_empty_query" time="0.153" /><testcase classname="tests.test_iteration_29_features.TestRicetteEndpoints" name="test_list_ricette" time="0.237" /><testcase classname="tests.test_iteration_29_features.TestRicetteEndpoints" name="test_get_categorie_ricette" time="0.046" /><testcase classname="tests.test_iteration_29_features.TestRicetteEndpoints" name="test_create_ricetta" time="0.063" /><testcase classname="tests.test_iteration_29_features.TestRicetteEndpoints" name="test_get_ricetta_detail" time="0.089" /><testcase classname="tests.test_iteration_29_features.TestOrdiniFornitori" name="test_list_ordini" time="0.039" /><testcase classname="tests.test_iteration_29_features.TestOrdiniFornitori" name="test_get_cart" time="0.043" /><testcase classname="tests.test_iteration_29_features.TestAssegni" name="test_list_assegni" time="0.043" /><testcase classname="tests.test_iteration_29_features.TestAssegni" name="test_get_assegni_stats" time="0.042" /><testcase classname="tests.test_iteration_29_features.TestInvoicesEndpoints" name="test_list_invoices" time="0.042" /><testcase classname="tests.test_iteration_29_features.TestCleanup" name="test_cleanup_test_ricette" time="0.080" /></testsuite></testsuites>