<?xml version="1.0" encoding="utf-8"?><testsuites name="pytest tests"><testsuite name="pytest" errors="0" failures="0" skipped="0" tests="24" time="2.985" timestamp="2026-01-06T09:39:01.071744+00:00" hostname="agent-env-af8a1eee-a6ed-401b-a770-c15f30314fd3"><testcase classname="tests.test_regole_categorizzazione.TestRegoleCategorizzazioneAPI" name="test_get_regole_returns_200" time="0.148" /><testcase classname="tests.test_regole_categorizzazione.TestRegoleCategorizzazioneAPI" name="test_get_regole_returns_required_fields" time="0.065" /><testcase classname="tests.test_regole_categorizzazione.TestRegoleCategorizzazioneAPI" name="test_get_regole_fornitori_structure" time="0.062" /><testcase classname="tests.test_regole_categorizzazione.TestRegoleCategorizzazioneAPI" name="test_get_regole_categorie_structure" time="0.096" /><testcase classname="tests.test_regole_categorizzazione.TestRegoleCategorizzazioneAPI" name="test_download_regole_returns_200" time="0.131" /><testcase classname="tests.test_regole_categorizzazione.TestRegoleCategorizzazioneAPI" name="test_download_regole_returns_excel_file" time="0.181" /><testcase classname="tests.test_regole_categorizzazione.TestRegoleCategorizzazioneAPI" name="test_download_regole_has_content_disposition" time="0.131" /><testcase classname="tests.test_regole_categorizzazione.TestRegoleCategorizzazioneAPI" name="test_download_regole_file_not_empty" time="0.224" /><testcase classname="tests.test_regole_categorizzazione.TestRegoleCategorizzazioneAPI" name="test_download_regole_valid_xlsx" time="0.171" /><testcase classname="tests.test_regole_categorizzazione.TestRegoleCategorizzazioneAPI" name="test_add_regola_fornitore_success" time="0.149" /><testcase classname="tests.test_regole_categorizzazione.TestRegoleCategorizzazioneAPI" name="test_add_regola_fornitore_verify_persistence" time="0.113" /><testcase classname="tests.test_regole_categorizzazione.TestRegoleCategorizzazioneAPI" name="test_add_regola_fornitore_missing_pattern" time="0.132" /><testcase classname="tests.test_regole_categorizzazione.TestRegoleCategorizzazioneAPI" name="test_add_regola_fornitore_missing_categoria" time="0.092" /><testcase classname="tests.test_regole_categorizzazione.TestRegoleCategorizzazioneAPI" name="test_add_regola_fornitore_update_existing" time="0.146" /><testcase classname="tests.test_regole_categorizzazione.TestRegoleCategorizzazioneAPI" name="test_add_regola_descrizione_success" time="0.064" /><testcase classname="tests.test_regole_categorizzazione.TestRegoleCategorizzazioneAPI" name="test_add_regola_descrizione_verify_persistence" time="0.158" /><testcase classname="tests.test_regole_categorizzazione.TestRegoleCategorizzazioneAPI" name="test_add_regola_descrizione_missing_fields" time="0.094" /><testcase classname="tests.test_regole_categorizzazione.TestRegoleCategorizzazioneAPI" name="test_delete_regola_fornitore_success" time="0.102" /><testcase classname="tests.test_regole_categorizzazione.TestRegoleCategorizzazioneAPI" name="test_delete_regola_fornitore_verify_removal" time="0.113" /><testcase classname="tests.test_regole_categorizzazione.TestRegoleCategorizzazioneAPI" name="test_delete_regola_fornitore_not_found" time="0.057" /><testcase classname="tests.test_regole_categorizzazione.TestRegoleCategorizzazioneAPI" name="test_delete_regola_descrizione_success" time="0.110" /><testcase classname="tests.test_regole_categorizzazione.TestRegoleCategorizzazioneAPI" name="test_add_regola_with_special_characters" time="0.144" /><testcase classname="tests.test_regole_categorizzazione.TestRegoleCategorizzazioneAPI" name="test_regole_totale_count_correct" time="0.049" /><testcase classname="tests.test_regole_categorizzazione.TestRegoleCategorizzazioneAPI" name="test_categorie_have_valid_conti" time="0.097" /></testsuite></testsuites>