<?xml version="1.0" encoding="utf-8"?><testsuites name="pytest tests"><testsuite name="pytest" errors="0" failures="0" skipped="0" tests="16" time="1.332" timestamp="2026-01-05T15:36:11.490384+00:00" hostname="agent-env-91790637-b24f-4e09-87fa-4bf70147e754"><testcase classname="tests.test_pos_magazzino_bilancio_dashboard.TestPOSAccredito" name="test_calcola_accredito_monday" time="0.084" /><testcase classname="tests.test_pos_magazzino_bilancio_dashboard.TestPOSAccredito" name="test_calcola_accredito_friday" time="0.036" /><testcase classname="tests.test_pos_magazzino_bilancio_dashboard.TestPOSAccredito" name="test_calcola_accredito_saturday" time="0.041" /><testcase classname="tests.test_pos_magazzino_bilancio_dashboard.TestPOSAccredito" name="test_calcola_accredito_sunday" time="0.036" /><testcase classname="tests.test_pos_magazzino_bilancio_dashboard.TestPOSAccredito" name="test_calcola_accredito_invalid_date" time="0.041" /><testcase classname="tests.test_pos_magazzino_bilancio_dashboard.TestPOSAccredito" name="test_festivi_2025" time="0.046" /><testcase classname="tests.test_pos_magazzino_bilancio_dashboard.TestPOSAccredito" name="test_calendario_mensile_gennaio_2025" time="0.036" /><testcase classname="tests.test_pos_magazzino_bilancio_dashboard.TestPOSAccredito" name="test_calendario_mensile_invalid_month" time="0.039" /><testcase classname="tests.test_pos_magazzino_bilancio_dashboard.TestMagazzinoCatalogo" name="test_get_catalogo_prodotti" time="0.041" /><testcase classname="tests.test_pos_magazzino_bilancio_dashboard.TestMagazzinoCatalogo" name="test_popola_da_fatture_dry_run" time="0.066" /><testcase classname="tests.test_pos_magazzino_bilancio_dashboard.TestMagazzinoCatalogo" name="test_popola_da_fatture_dry_run_with_anno" time="0.100" /><testcase classname="tests.test_pos_magazzino_bilancio_dashboard.TestBilancioConfrontoAnnuale" name="test_confronto_annuale_2025" time="0.059" /><testcase classname="tests.test_pos_magazzino_bilancio_dashboard.TestBilancioConfrontoAnnuale" name="test_confronto_annuale_custom_years" time="0.048" /><testcase classname="tests.test_pos_magazzino_bilancio_dashboard.TestDashboardTrendMensile" name="test_trend_mensile_2025" time="0.092" /><testcase classname="tests.test_pos_magazzino_bilancio_dashboard.TestDashboardTrendMensile" name="test_trend_mensile_default_year" time="0.099" /><testcase classname="tests.test_pos_magazzino_bilancio_dashboard.TestAPIHealthCheck" name="test_all_endpoints_accessible" time="0.358" /></testsuite></testsuites>