<?xml version="1.0" encoding="utf-8"?><testsuites name="pytest tests"><testsuite name="pytest" errors="0" failures="0" skipped="0" tests="23" time="1.285" timestamp="2026-01-06T10:06:24.029828+00:00" hostname="agent-env-af8a1eee-a6ed-401b-a770-c15f30314fd3"><testcase classname="tests.test_new_features_v4.TestPDFExport" name="test_pdf_export_returns_200" time="0.088" /><testcase classname="tests.test_new_features_v4.TestPDFExport" name="test_pdf_export_content_type" time="0.089" /><testcase classname="tests.test_new_features_v4.TestPDFExport" name="test_pdf_export_valid_pdf" time="0.053" /><testcase classname="tests.test_new_features_v4.TestPDFExport" name="test_pdf_export_with_different_regions" time="0.189" /><testcase classname="tests.test_new_features_v4.TestCalcoloImposte" name="test_calcolo_imposte_returns_200" time="0.042" /><testcase classname="tests.test_new_features_v4.TestCalcoloImposte" name="test_calcolo_imposte_structure" time="0.036" /><testcase classname="tests.test_new_features_v4.TestCalcoloImposte" name="test_calcolo_imposte_ires_structure" time="0.043" /><testcase classname="tests.test_new_features_v4.TestCalcoloImposte" name="test_calcolo_imposte_irap_structure" time="0.038" /><testcase classname="tests.test_new_features_v4.TestCalcoloImposte" name="test_calcolo_imposte_campania_aliquota" time="0.038" /><testcase classname="tests.test_new_features_v4.TestCalcoloImposte" name="test_calcolo_imposte_totale_consistency" time="0.038" /><testcase classname="tests.test_new_features_v4.TestAliquoteIRAP" name="test_aliquote_irap_returns_200" time="0.037" /><testcase classname="tests.test_new_features_v4.TestAliquoteIRAP" name="test_aliquote_irap_structure" time="0.036" /><testcase classname="tests.test_new_features_v4.TestAliquoteIRAP" name="test_aliquote_irap_campania" time="0.034" /><testcase classname="tests.test_new_features_v4.TestBilancioDettagliato" name="test_bilancio_dettagliato_returns_200" time="0.035" /><testcase classname="tests.test_new_features_v4.TestBilancioDettagliato" name="test_bilancio_dettagliato_structure" time="0.038" /><testcase classname="tests.test_new_features_v4.TestStatisticheCategorizzazione" name="test_statistiche_returns_200" time="0.041" /><testcase classname="tests.test_new_features_v4.TestStatisticheCategorizzazione" name="test_statistiche_structure" time="0.044" /><testcase classname="tests.test_new_features_v4.TestDashboardEndpoints" name="test_dashboard_summary_returns_200" time="0.042" /><testcase classname="tests.test_new_features_v4.TestDashboardEndpoints" name="test_health_endpoint" time="0.037" /><testcase classname="tests.test_new_features_v4.TestRegoleCategorizzazione" name="test_get_regole" time="0.036" /><testcase classname="tests.test_new_features_v4.TestRegoleCategorizzazione" name="test_get_regole_structure" time="0.036" /><testcase classname="tests.test_new_features_v4.TestRegoleCategorizzazione" name="test_excel_download" time="0.066" /><testcase classname="tests.test_new_features_v4.TestRegoleCategorizzazione" name="test_excel_valid_xlsx" time="0.061" /></testsuite></testsuites>