<?xml version="1.0" encoding="utf-8"?><testsuites name="pytest tests"><testsuite name="pytest" errors="0" failures="2" skipped="0" tests="12" time="2.515" timestamp="2026-01-16T15:13:22.588589+00:00" hostname="agent-env-817b489a-d6ac-424e-bc68-2beaf1b8c432"><testcase classname="tests.test_websocket_mobile.TestWebSocketStatus" name="test_realtime_status_online" time="0.072" /><testcase classname="tests.test_websocket_mobile.TestWebSocketStatus" name="test_realtime_status_connections_structure" time="0.039" /><testcase classname="tests.test_websocket_mobile.TestSuppliersEndpoint" name="test_suppliers_count" time="0.486" /><testcase classname="tests.test_websocket_mobile.TestSuppliersEndpoint" name="test_suppliers_data_structure" time="0.380" /><testcase classname="tests.test_websocket_mobile.TestDashboardAnalyticsAPIs" name="test_corrispettivi_endpoint" time="0.630" /><testcase classname="tests.test_websocket_mobile.TestDashboardAnalyticsAPIs" name="test_dipendenti_endpoint" time="0.150" /><testcase classname="tests.test_websocket_mobile.TestDashboardAnalyticsAPIs" name="test_f24_endpoint" time="0.038"><failure message="assert 403 == 200&#10; +  where 403 = &lt;Response [403]&gt;.status_code">tests/test_websocket_mobile.py:95: in test_f24_endpoint
    assert response.status_code == 200
E   assert 403 == 200
E    +  where 403 = &lt;Response [403]&gt;.status_code</failure></testcase><testcase classname="tests.test_websocket_mobile.TestDashboardAnalyticsAPIs" name="test_prima_nota_cassa" time="0.258" /><testcase classname="tests.test_websocket_mobile.TestDashboardAnalyticsAPIs" name="test_prima_nota_banca" time="0.256" /><testcase classname="tests.test_websocket_mobile.TestDashboardAnalyticsAPIs" name="test_fatture_ricevute" time="0.033"><failure message="assert 404 == 200&#10; +  where 404 = &lt;Response [404]&gt;.status_code">tests/test_websocket_mobile.py:129: in test_fatture_ricevute
    assert response.status_code == 200
E   assert 404 == 200
E    +  where 404 = &lt;Response [404]&gt;.status_code</failure></testcase><testcase classname="tests.test_websocket_mobile.TestHealthAndBasicEndpoints" name="test_health_endpoint" time="0.036" /><testcase classname="tests.test_websocket_mobile.TestHealthAndBasicEndpoints" name="test_root_api" time="0.037" /></testsuite></testsuites>