<?xml version="1.0" encoding="utf-8"?><testsuites name="pytest tests"><testsuite name="pytest" errors="0" failures="1" skipped="0" tests="12" time="10.252" timestamp="2026-01-17T03:20:08.568771+00:00" hostname="agent-env-67901e2c-58b4-4e72-bb1b-ac5051b44d58"><testcase classname="tests.test_iteration_16_cedolini_unificati.TestHealthEndpoint" name="test_health_endpoint" time="0.063" /><testcase classname="tests.test_iteration_16_cedolini_unificati.TestCedoliniUnificati" name="test_cedolini_endpoint_returns_474_records" time="0.479" /><testcase classname="tests.test_iteration_16_cedolini_unificati.TestCedoliniUnificati" name="test_cedolini_data_structure" time="0.268" /><testcase classname="tests.test_iteration_16_cedolini_unificati.TestEmployeesPayslips" name="test_employees_payslips_reads_from_cedolini" time="0.383" /><testcase classname="tests.test_iteration_16_cedolini_unificati.TestEmployeesPayslips" name="test_payslips_data_structure" time="0.288" /><testcase classname="tests.test_iteration_16_cedolini_unificati.TestEmployeesUltimoPeriodo" name="test_employees_shows_ultimo_periodo" time="3.124" /><testcase classname="tests.test_iteration_16_cedolini_unificati.TestEmployeesUltimoPeriodo" name="test_employees_netto_lordo_from_cedolini" time="3.132" /><testcase classname="tests.test_iteration_16_cedolini_unificati.TestDipendentiEndpoint" name="test_dipendenti_list" time="0.165" /><testcase classname="tests.test_iteration_16_cedolini_unificati.TestChiusuraEsercizio" name="test_chiusura_esercizio_stato" time="0.144" /><testcase classname="tests.test_iteration_16_cedolini_unificati.TestChiusuraEsercizio" name="test_chiusura_esercizio_verifica_preliminare" time="0.932" /><testcase classname="tests.test_iteration_16_cedolini_unificati.TestChiusuraEsercizio" name="test_chiusura_esercizio_bilancino" time="0.705"><failure message="AssertionError: assert ('ricavi' in {'anno': 2026, 'bilancino': {'costi': {'acquisti_merce': 1673.94, 'ammortamenti': 0, 'personale': 0, 'tfr': 0, ...}, 'ricavi': {'corrispettivi': 10098.9, 'fatture_emesse': 1125.98, 'totale': 11224.88}, 'risultato': {'margine_percentuale': 85.1, 'tipo': 'utile', 'utile_perdita': 9550.94}}, 'step_successivo': 'conferma_chiusura'} or 'totale_ricavi' in {'anno': 2026, 'bilancino': {'costi': {'acquisti_merce': 1673.94, 'ammortamenti': 0, 'personale': 0, 'tfr': 0, ...}, 'ricavi': {'corrispettivi': 10098.9, 'fatture_emesse': 1125.98, 'totale': 11224.88}, 'risultato': {'margine_percentuale': 85.1, 'tipo': 'utile', 'utile_perdita': 9550.94}}, 'step_successivo': 'conferma_chiusura'})">tests/test_iteration_16_cedolini_unificati.py:177: in test_chiusura_esercizio_bilancino
    assert "ricavi" in data or "totale_ricavi" in data
E   AssertionError: assert ('ricavi' in {'anno': 2026, 'bilancino': {'costi': {'acquisti_merce': 1673.94, 'ammortamenti': 0, 'personale': 0, 'tfr': 0, ...}, 'ricavi': {'corrispettivi': 10098.9, 'fatture_emesse': 1125.98, 'totale': 11224.88}, 'risultato': {'margine_percentuale': 85.1, 'tipo': 'utile', 'utile_perdita': 9550.94}}, 'step_successivo': 'conferma_chiusura'} or 'totale_ricavi' in {'anno': 2026, 'bilancino': {'costi': {'acquisti_merce': 1673.94, 'ammortamenti': 0, 'personale': 0, 'tfr': 0, ...}, 'ricavi': {'corrispettivi': 10098.9, 'fatture_emesse': 1125.98, 'totale': 11224.88}, 'risultato': {'margine_percentuale': 85.1, 'tipo': 'utile', 'utile_perdita': 9550.94}}, 'step_successivo': 'conferma_chiusura'})</failure></testcase><testcase classname="tests.test_iteration_16_cedolini_unificati.TestDocumentPeriodExtraction" name="test_documents_inbox_has_period_info" time="0.479" /></testsuite></testsuites>