<?xml version="1.0" encoding="utf-8"?><testsuites name="pytest tests"><testsuite name="pytest" errors="0" failures="8" skipped="0" tests="45" time="7.080" timestamp="2026-01-04T07:53:21.600312+00:00" hostname="agent-env-c237dea0-3dab-4fea-be3f-cb7ea28f5acb"><testcase classname="tests.test_full_erp_e2e.TestDashboardStats" name="test_health_check" time="0.080" /><testcase classname="tests.test_full_erp_e2e.TestDashboardStats" name="test_dashboard_stats" time="0.042" /><testcase classname="tests.test_full_erp_e2e.TestFatture" name="test_list_invoices" time="0.161" /><testcase classname="tests.test_full_erp_e2e.TestFatture" name="test_invoice_has_required_fields" time="0.042" /><testcase classname="tests.test_full_erp_e2e.TestCorrispettivi" name="test_list_corrispettivi" time="0.054" /><testcase classname="tests.test_full_erp_e2e.TestCorrispettivi" name="test_corrispettivi_stats" time="0.037"><failure message="assert 405 in [200, 404, 422]&#10; +  where 405 = &lt;Response [405]&gt;.status_code">tests/test_full_erp_e2e.py:79: in test_corrispettivi_stats
    assert response.status_code in [200, 404, 422]
E   assert 405 in [200, 404, 422]
E    +  where 405 = &lt;Response [405]&gt;.status_code</failure></testcase><testcase classname="tests.test_full_erp_e2e.TestFornitori" name="test_list_suppliers" time="0.104" /><testcase classname="tests.test_full_erp_e2e.TestFornitori" name="test_supplier_structure" time="0.079" /><testcase classname="tests.test_full_erp_e2e.TestFornitori" name="test_create_supplier" time="0.089" /><testcase classname="tests.test_full_erp_e2e.TestFornitori" name="test_fornitori_extended_list" time="0.041"><failure message="assert 404 == 200&#10; +  where 404 = &lt;Response [404]&gt;.status_code">tests/test_full_erp_e2e.py:127: in test_fornitori_extended_list
    assert response.status_code == 200
E   assert 404 == 200
E    +  where 404 = &lt;Response [404]&gt;.status_code</failure></testcase><testcase classname="tests.test_full_erp_e2e.TestPrimaNota" name="test_list_cassa_movements" time="0.041"><failure message="assert False&#10; +  where False = isinstance({'count': 100, 'movimenti': [{'categoria': 'Pagamento fornitore', 'created_at': '2026-01-04T06:53:07.633289', 'data': '2025-12-31', 'descrizione': 'Pagamento fattura 6208 - NATURISSIME SRL', ...}, {'categoria': 'Pagamento fornitore', 'created_at': '2026-01-04T06:53:07.633289', 'data': '2025-12-31', 'descrizione': 'Pagamento fattura D3583 - I COZZOLINO SRL', ...}, {'categoria': 'Pagamento fornitore', 'created_at': '2026-01-04T06:53:07.633289', 'data': '2025-12-31', 'descrizione': 'Pagamento fattura 336/PZ - GB FOOD SRL', ...}, {'categoria': 'Pagamento fornitore', 'created_at': '2026-01-04T06:53:07.633289', 'data': '2025-12-31', 'descrizione': 'Pagamento fattura 3390 - EUROUOVA SRL', ...}, {'categoria': 'Pagamento fornitore', 'created_at': '2026-01-04T06:53:07.633289', 'data': '2025-12-30', 'descrizione': &quot;Pagamento fattura 924913 - Dolciaria Acquaviva S.p.A. sog. all'att. di dir. e coord. di Vandemoortele NV&quot;, ...}, {'categoria': 'Pagamento fornitore', 'created_at': '2026-01-04T06:53:07.633289', 'data': '2025-12-30', 'descrizione': 'Pagamento fattura 6177 - NATURISSIME SRL', ...}, ...], 'saldo': -105634.45, 'totale_entrate': 100.5, ...}, list)">tests/test_full_erp_e2e.py:141: in test_list_cassa_movements
    assert isinstance(data, list)
E   assert False
E    +  where False = isinstance({'count': 100, 'movimenti': [{'categoria': 'Pagamento fornitore', 'created_at': '2026-01-04T06:53:07.633289', 'data': '2025-12-31', 'descrizione': 'Pagamento fattura 6208 - NATURISSIME SRL', ...}, {'categoria': 'Pagamento fornitore', 'created_at': '2026-01-04T06:53:07.633289', 'data': '2025-12-31', 'descrizione': 'Pagamento fattura D3583 - I COZZOLINO SRL', ...}, {'categoria': 'Pagamento fornitore', 'created_at': '2026-01-04T06:53:07.633289', 'data': '2025-12-31', 'descrizione': 'Pagamento fattura 336/PZ - GB FOOD SRL', ...}, {'categoria': 'Pagamento fornitore', 'created_at': '2026-01-04T06:53:07.633289', 'data': '2025-12-31', 'descrizione': 'Pagamento fattura 3390 - EUROUOVA SRL', ...}, {'categoria': 'Pagamento fornitore', 'created_at': '2026-01-04T06:53:07.633289', 'data': '2025-12-30', 'descrizione': "Pagamento fattura 924913 - Dolciaria Acquaviva S.p.A. sog. all'att. di dir. e coord. di Vandemoortele NV", ...}, {'categoria': 'Pagamento fornitore', 'created_at': '2026-01-04T06:53:07.633289', 'data': '2025-12-30', 'descrizione': 'Pagamento fattura 6177 - NATURISSIME SRL', ...}, ...], 'saldo': -105634.45, 'totale_entrate': 100.5, ...}, list)</failure></testcase><testcase classname="tests.test_full_erp_e2e.TestPrimaNota" name="test_list_banca_movements" time="0.044"><failure message="assert False&#10; +  where False = isinstance({'count': 100, 'movimenti': [{'categoria': 'Pagamento fornitore', 'created_at': '2026-01-04T06:53:24.016063', 'data': '2025-12-31', 'descrizione': 'Pagamento fattura V1-46823 - G.I.A.L. GENERALE INGROSSO ALIMENTARE S.R.L.', ...}, {'categoria': 'Pagamento fornitore', 'created_at': '2026-01-04T06:53:24.016063', 'data': '2025-12-31', 'descrizione': 'Pagamento fattura J72098 - EDENRED ITALIA Srl', ...}, {'assegno_collegato': '0208769086', 'categoria': 'Pagamento fornitore', 'created_at': '2026-01-04T06:53:24.016063', 'data': '2025-12-31', ...}, {'categoria': 'Pagamento fornitore', 'created_at': '2026-01-04T06:53:24.016063', 'data': '2025-12-30', 'descrizione': &quot;Pagamento fattura 924775 - Dolciaria Acquaviva S.p.A. sog. all'att. di dir. e coord. di Vandemoortele NV&quot;, ...}, {'assegno_collegato': '208770369', 'categoria': 'Pagamento fornitore', 'created_at': '2026-01-04T06:53:24.016063', 'data': '2025-12-30', ...}, {'categoria': 'Pagamento fornitore', 'created_at': '2026-01-04T06:53:24.016063', 'data': '2025-12-30', 'descrizione': 'Pagamento fattura 7620/2025 - ARTECARTA ITALIA S.R.L.', ...}, ...], 'saldo': -299539.48, 'totale_entrate': 0, ...}, list)">tests/test_full_erp_e2e.py:149: in test_list_banca_movements
    assert isinstance(data, list)
E   assert False
E    +  where False = isinstance({'count': 100, 'movimenti': [{'categoria': 'Pagamento fornitore', 'created_at': '2026-01-04T06:53:24.016063', 'data': '2025-12-31', 'descrizione': 'Pagamento fattura V1-46823 - G.I.A.L. GENERALE INGROSSO ALIMENTARE S.R.L.', ...}, {'categoria': 'Pagamento fornitore', 'created_at': '2026-01-04T06:53:24.016063', 'data': '2025-12-31', 'descrizione': 'Pagamento fattura J72098 - EDENRED ITALIA Srl', ...}, {'assegno_collegato': '0208769086', 'categoria': 'Pagamento fornitore', 'created_at': '2026-01-04T06:53:24.016063', 'data': '2025-12-31', ...}, {'categoria': 'Pagamento fornitore', 'created_at': '2026-01-04T06:53:24.016063', 'data': '2025-12-30', 'descrizione': "Pagamento fattura 924775 - Dolciaria Acquaviva S.p.A. sog. all'att. di dir. e coord. di Vandemoortele NV", ...}, {'assegno_collegato': '208770369', 'categoria': 'Pagamento fornitore', 'created_at': '2026-01-04T06:53:24.016063', 'data': '2025-12-30', ...}, {'categoria': 'Pagamento fornitore', 'created_at': '2026-01-04T06:53:24.016063', 'data': '2025-12-30', 'descrizione': 'Pagamento fattura 7620/2025 - ARTECARTA ITALIA S.R.L.', ...}, ...], 'saldo': -299539.48, 'totale_entrate': 0, ...}, list)</failure></testcase><testcase classname="tests.test_full_erp_e2e.TestPrimaNota" name="test_prima_nota_stats" time="0.043" /><testcase classname="tests.test_full_erp_e2e.TestPrimaNota" name="test_create_cassa_movement" time="0.045" /><testcase classname="tests.test_full_erp_e2e.TestPrimaNota" name="test_prima_nota_export_excel" time="0.130" /><testcase classname="tests.test_full_erp_e2e.TestPrimaNotaAutomation" name="test_automation_stats" time="0.040"><failure message="assert 404 == 200&#10; +  where 404 = &lt;Response [404]&gt;.status_code">tests/test_full_erp_e2e.py:189: in test_automation_stats
    assert response.status_code == 200
E   assert 404 == 200
E    +  where 404 = &lt;Response [404]&gt;.status_code</failure></testcase><testcase classname="tests.test_full_erp_e2e.TestAssegni" name="test_list_assegni" time="0.040" /><testcase classname="tests.test_full_erp_e2e.TestAssegni" name="test_assegni_stats" time="0.037" /><testcase classname="tests.test_full_erp_e2e.TestAssegni" name="test_create_assegno" time="0.037" /><testcase classname="tests.test_full_erp_e2e.TestHACCP" name="test_haccp_dashboard" time="0.079" /><testcase classname="tests.test_full_erp_e2e.TestHACCP" name="test_haccp_equipaggiamenti" time="0.079" /><testcase classname="tests.test_full_erp_e2e.TestHACCP" name="test_haccp_temperature_frigo" time="0.038" /><testcase classname="tests.test_full_erp_e2e.TestHACCP" name="test_haccp_temperature_congelatori" time="0.041" /><testcase classname="tests.test_full_erp_e2e.TestHACCP" name="test_haccp_genera_mese_frigo" time="0.065" /><testcase classname="tests.test_full_erp_e2e.TestHACCP" name="test_haccp_autocompila_oggi_frigo" time="0.043" /><testcase classname="tests.test_full_erp_e2e.TestHACCP" name="test_haccp_sanificazioni" time="0.041" /><testcase classname="tests.test_full_erp_e2e.TestHACCP" name="test_haccp_create_sanificazione" time="0.039" /><testcase classname="tests.test_full_erp_e2e.TestHACCP" name="test_haccp_scadenzario" time="0.040" /><testcase classname="tests.test_full_erp_e2e.TestHACCP" name="test_haccp_create_scadenza" time="0.038" /><testcase classname="tests.test_full_erp_e2e.TestHACCP" name="test_haccp_export_temperature_excel" time="0.048" /><testcase classname="tests.test_full_erp_e2e.TestHACCP" name="test_haccp_export_sanificazioni_excel" time="0.053" /><testcase classname="tests.test_full_erp_e2e.TestDipendenti" name="test_list_dipendenti" time="0.038" /><testcase classname="tests.test_full_erp_e2e.TestDipendenti" name="test_dipendenti_stats" time="0.042" /><testcase classname="tests.test_full_erp_e2e.TestDipendenti" name="test_create_dipendente" time="0.038" /><testcase classname="tests.test_full_erp_e2e.TestDipendenti" name="test_dipendente_invita_portale" time="0.125" /><testcase classname="tests.test_full_erp_e2e.TestCalcoloIVA" name="test_iva_mensile" time="0.037"><failure message="assert 404 == 200&#10; +  where 404 = &lt;Response [404]&gt;.status_code">tests/test_full_erp_e2e.py:397: in test_iva_mensile
    assert response.status_code == 200
E   assert 404 == 200
E    +  where 404 = &lt;Response [404]&gt;.status_code</failure></testcase><testcase classname="tests.test_full_erp_e2e.TestCalcoloIVA" name="test_iva_annuale" time="0.038"><failure message="assert 404 == 200&#10; +  where 404 = &lt;Response [404]&gt;.status_code">tests/test_full_erp_e2e.py:404: in test_iva_annuale
    assert response.status_code == 200
E   assert 404 == 200
E    +  where 404 = &lt;Response [404]&gt;.status_code</failure></testcase><testcase classname="tests.test_full_erp_e2e.TestRicercaProdotti" name="test_search_products" time="0.054" /><testcase classname="tests.test_full_erp_e2e.TestRicercaProdotti" name="test_product_catalog" time="4.439" /><testcase classname="tests.test_full_erp_e2e.TestOrdiniFornitori" name="test_list_ordini" time="0.057" /><testcase classname="tests.test_full_erp_e2e.TestOrdiniFornitori" name="test_create_ordine" time="0.046" /><testcase classname="tests.test_full_erp_e2e.TestF24" name="test_list_f24" time="0.039" /><testcase classname="tests.test_full_erp_e2e.TestFinanziaria" name="test_finanziaria_dashboard" time="0.038"><failure message="assert 404 == 200&#10; +  where 404 = &lt;Response [404]&gt;.status_code">tests/test_full_erp_e2e.py:477: in test_finanziaria_dashboard
    assert response.status_code == 200
E   assert 404 == 200
E    +  where 404 = &lt;Response [404]&gt;.status_code</failure></testcase><testcase classname="tests.test_full_erp_e2e.TestExport" name="test_export_endpoints_available" time="0.090" /><testcase classname="tests.test_full_erp_e2e.TestAdmin" name="test_admin_stats" time="0.039" /></testsuite></testsuites>