<?xml version="1.0" encoding="utf-8"?><testsuites name="pytest tests"><testsuite name="pytest" errors="0" failures="0" skipped="0" tests="16" time="16.731" timestamp="2026-01-16T21:38:44.593781+00:00" hostname="agent-env-4291ee8c-b1b5-4676-bbdb-a4da990cd277"><testcase classname="tests.test_iteration_13_objectid_fixes.TestHealthCheck" name="test_api_health" time="0.105" /><testcase classname="tests.test_iteration_13_objectid_fixes.TestSuppliersEndpoint" name="test_suppliers_list_no_objectid" time="1.144" /><testcase classname="tests.test_iteration_13_objectid_fixes.TestSuppliersEndpoint" name="test_suppliers_response_structure" time="0.926" /><testcase classname="tests.test_iteration_13_objectid_fixes.TestPrimaNotaCassaEndpoint" name="test_prima_nota_cassa_no_objectid" time="0.261" /><testcase classname="tests.test_iteration_13_objectid_fixes.TestPrimaNotaBancaEndpoint" name="test_prima_nota_banca_no_objectid" time="0.259" /><testcase classname="tests.test_iteration_13_objectid_fixes.TestEmployeesEndpoint" name="test_dipendenti_no_objectid" time="0.153" /><testcase classname="tests.test_iteration_13_objectid_fixes.TestEmployeesEndpoint" name="test_dipendenti_have_required_fields" time="0.150" /><testcase classname="tests.test_iteration_13_objectid_fixes.TestNoleggioVeicoliEndpoint" name="test_noleggio_veicoli_no_objectid" time="1.580" /><testcase classname="tests.test_iteration_13_objectid_fixes.TestNoleggioVeicoliEndpoint" name="test_noleggio_drivers_uses_employees_collection" time="0.148" /><testcase classname="tests.test_iteration_13_objectid_fixes.TestNoleggioVeicoliEndpoint" name="test_update_veicolo_validates_driver_id" time="0.152" /><testcase classname="tests.test_iteration_13_objectid_fixes.TestWarehouseProductsEndpoint" name="test_warehouse_products_no_objectid" time="0.148" /><testcase classname="tests.test_iteration_13_objectid_fixes.TestCicloPassivoIntegrato" name="test_dashboard_riconciliazione" time="0.513" /><testcase classname="tests.test_iteration_13_objectid_fixes.TestCicloPassivoIntegrato" name="test_lotti_no_objectid" time="0.709" /><testcase classname="tests.test_iteration_13_objectid_fixes.TestOperazioniDaConfermare" name="test_operazioni_lista_no_objectid" time="7.564" /><testcase classname="tests.test_iteration_13_objectid_fixes.TestOperazioniDaConfermare" name="test_conferma_duplicate_prevention" time="2.678" /><testcase classname="tests.test_iteration_13_objectid_fixes.TestInvoicesEndpoint" name="test_invoices_no_objectid" time="0.162" /></testsuite></testsuites>