<?xml version="1.0" encoding="utf-8"?><testsuites name="pytest tests"><testsuite name="pytest" errors="0" failures="0" skipped="0" tests="22" time="17.524" timestamp="2026-01-16T19:54:26.716178+00:00" hostname="agent-env-97eba37f-4cd4-4e55-88c7-07de898f1806"><testcase classname="tests.test_riconciliazione_cascata.TestHealthAndBasics" name="test_health_endpoint" time="0.078" /><testcase classname="tests.test_riconciliazione_cascata.TestHealthAndBasics" name="test_prima_nota_cassa_endpoint" time="0.262" /><testcase classname="tests.test_riconciliazione_cascata.TestHealthAndBasics" name="test_prima_nota_banca_endpoint" time="0.260" /><testcase classname="tests.test_riconciliazione_cascata.TestRiconciliazioneSmartAnalisi" name="test_smart_analizza_endpoint" time="2.205" /><testcase classname="tests.test_riconciliazione_cascata.TestRiconciliazioneSmartAnalisi" name="test_smart_analizza_esclude_movimenti_gia_in_prima_nota" time="1.568" /><testcase classname="tests.test_riconciliazione_cascata.TestRiconciliazioneManuale" name="test_riconcilia_manuale_crea_movimento_banca" time="2.717" /><testcase classname="tests.test_riconciliazione_cascata.TestRiconciliazioneManuale" name="test_riconcilia_manuale_crea_movimento_cassa" time="1.926" /><testcase classname="tests.test_riconciliazione_cascata.TestConfermaOperazione" name="test_lista_operazioni_da_confermare" time="0.947" /><testcase classname="tests.test_riconciliazione_cascata.TestConfermaOperazione" name="test_conferma_operazione_cassa" time="0.649" /><testcase classname="tests.test_riconciliazione_cascata.TestFiltroAssegni" name="test_assegni_con_fattura_esclusi" time="1.555" /><testcase classname="tests.test_riconciliazione_cascata.TestFiltroAssegni" name="test_lista_assegni" time="0.283" /><testcase classname="tests.test_riconciliazione_cascata.TestCascataFatturaPrimaNotaScadenza" name="test_cascata_aggiorna_scadenza" time="0.152" /><testcase classname="tests.test_riconciliazione_cascata.TestPrimaNotaCassa" name="test_prima_nota_cassa_saldo" time="0.265" /><testcase classname="tests.test_riconciliazione_cascata.TestPrimaNotaCassa" name="test_prima_nota_cassa_filtro_anno" time="0.260" /><testcase classname="tests.test_riconciliazione_cascata.TestDipendentiAcconti" name="test_lista_dipendenti" time="0.147" /><testcase classname="tests.test_riconciliazione_cascata.TestDipendentiAcconti" name="test_acconti_tfr_read" time="0.408" /><testcase classname="tests.test_riconciliazione_cascata.TestDipendentiAcconti" name="test_acconti_tfr_create" time="1.214" /><testcase classname="tests.test_riconciliazione_cascata.TestCorrispettivi" name="test_corrispettivi_lista" time="0.418" /><testcase classname="tests.test_riconciliazione_cascata.TestCorrispettivi" name="test_corrispettivi_filtro_anno" time="0.146" /><testcase classname="tests.test_riconciliazione_cascata.TestCorrispettivi" name="test_corrispettivi_calcolo_iva" time="0.145" /><testcase classname="tests.test_riconciliazione_cascata.TestRiconciliazioneUI" name="test_dati_per_tab_aruba" time="0.151" /><testcase classname="tests.test_riconciliazione_cascata.TestRiconciliazioneUI" name="test_dati_per_selezione_multipla" time="1.670" /></testsuite></testsuites>