<?xml version="1.0" encoding="utf-8"?><testsuites name="pytest tests"><testsuite name="pytest" errors="0" failures="1" skipped="0" tests="17" time="1.228" timestamp="2026-01-06T17:03:51.374434+00:00" hostname="agent-env-4f06c6a6-0954-4ec6-8511-ada854c4db25"><testcase classname="tests.test_iteration_28_contabilita_analitica.TestCentriCosto" name="test_list_centri_costo" time="0.120" /><testcase classname="tests.test_iteration_28_contabilita_analitica.TestCentriCosto" name="test_mapping_categorie" time="0.044" /><testcase classname="tests.test_iteration_28_contabilita_analitica.TestCentriCosto" name="test_ribaltamento_chiavi" time="0.038" /><testcase classname="tests.test_iteration_28_contabilita_analitica.TestCentriCosto" name="test_ribaltamento_calcola_2024" time="0.046" /><testcase classname="tests.test_iteration_28_contabilita_analitica.TestUtileObiettivo" name="test_get_utile_obiettivo_2024" time="0.041" /><testcase classname="tests.test_iteration_28_contabilita_analitica.TestUtileObiettivo" name="test_utile_obiettivo_per_cdc_2024" time="0.042" /><testcase classname="tests.test_iteration_28_contabilita_analitica.TestUtileObiettivo" name="test_utile_obiettivo_suggerimenti_2024" time="0.047" /><testcase classname="tests.test_iteration_28_contabilita_analitica.TestRicette" name="test_list_ricette" time="0.268" /><testcase classname="tests.test_iteration_28_contabilita_analitica.TestRicette" name="test_ricette_categorie" time="0.044"><failure message="assert 404 == 200&#10; +  where 404 = &lt;Response [404]&gt;.status_code">tests/test_iteration_28_contabilita_analitica.py:151: in test_ricette_categorie
    assert response.status_code == 200
E   assert 404 == 200
E    +  where 404 = &lt;Response [404]&gt;.status_code</failure></testcase><testcase classname="tests.test_iteration_28_contabilita_analitica.TestRicette" name="test_ricette_search" time="0.042" /><testcase classname="tests.test_iteration_28_contabilita_analitica.TestMagazzinoDoppiaVerita" name="test_list_prodotti" time="0.058" /><testcase classname="tests.test_iteration_28_contabilita_analitica.TestMagazzinoDoppiaVerita" name="test_prodotti_con_differenze" time="0.062" /><testcase classname="tests.test_iteration_28_contabilita_analitica.TestMagazzinoDoppiaVerita" name="test_prodotti_scorte_basse" time="0.057" /><testcase classname="tests.test_iteration_28_contabilita_analitica.TestCorrispettiviCollegamento" name="test_collega_vendite_ricette_2024" time="0.046" /><testcase classname="tests.test_iteration_28_contabilita_analitica.TestCorrispettiviCollegamento" name="test_corrispettivi_list_2024" time="0.079" /><testcase classname="tests.test_iteration_28_contabilita_analitica.TestHealthAndBasics" name="test_api_health" time="0.039" /><testcase classname="tests.test_iteration_28_contabilita_analitica.TestHealthAndBasics" name="test_dashboard_stats" time="0.042" /></testsuite></testsuites>