<?xml version="1.0" encoding="utf-8"?><testsuites name="pytest tests"><testsuite name="pytest" errors="0" failures="0" skipped="0" tests="26" time="1.487" timestamp="2026-01-04T07:20:02.022003+00:00" hostname="agent-env-c237dea0-3dab-4fea-be3f-cb7ea28f5acb"><testcase classname="tests.test_haccp_dipendenti_primanota.TestHACCPDashboard" name="test_haccp_dashboard_loads" time="0.065" /><testcase classname="tests.test_haccp_dipendenti_primanota.TestHACCPEquipaggiamenti" name="test_list_equipaggiamenti" time="0.039" /><testcase classname="tests.test_haccp_dipendenti_primanota.TestHACCPTemperatureFrigoriferi" name="test_list_temperature_frigoriferi" time="0.040" /><testcase classname="tests.test_haccp_dipendenti_primanota.TestHACCPTemperatureFrigoriferi" name="test_genera_mese_frigoriferi" time="0.068" /><testcase classname="tests.test_haccp_dipendenti_primanota.TestHACCPTemperatureFrigoriferi" name="test_create_temperatura_frigo" time="0.039" /><testcase classname="tests.test_haccp_dipendenti_primanota.TestHACCPTemperatureFrigoriferi" name="test_autocompila_oggi_frigo" time="0.040" /><testcase classname="tests.test_haccp_dipendenti_primanota.TestHACCPTemperaturaCongelatori" name="test_list_temperature_congelatori" time="0.040" /><testcase classname="tests.test_haccp_dipendenti_primanota.TestHACCPTemperaturaCongelatori" name="test_genera_mese_congelatori" time="0.053" /><testcase classname="tests.test_haccp_dipendenti_primanota.TestHACCPTemperaturaCongelatori" name="test_create_temperatura_congelatore" time="0.042" /><testcase classname="tests.test_haccp_dipendenti_primanota.TestHACCPSanificazioni" name="test_list_sanificazioni" time="0.039" /><testcase classname="tests.test_haccp_dipendenti_primanota.TestHACCPSanificazioni" name="test_create_sanificazione" time="0.038" /><testcase classname="tests.test_haccp_dipendenti_primanota.TestHACCPSanificazioni" name="test_genera_mese_sanificazioni" time="0.075" /><testcase classname="tests.test_haccp_dipendenti_primanota.TestHACCPScadenzario" name="test_list_scadenzario" time="0.080" /><testcase classname="tests.test_haccp_dipendenti_primanota.TestHACCPScadenzario" name="test_create_scadenza" time="0.073" /><testcase classname="tests.test_haccp_dipendenti_primanota.TestDipendenti" name="test_list_dipendenti" time="0.037" /><testcase classname="tests.test_haccp_dipendenti_primanota.TestDipendenti" name="test_get_dipendenti_stats" time="0.038" /><testcase classname="tests.test_haccp_dipendenti_primanota.TestDipendenti" name="test_get_tipi_turno" time="0.038" /><testcase classname="tests.test_haccp_dipendenti_primanota.TestDipendenti" name="test_get_mansioni" time="0.041" /><testcase classname="tests.test_haccp_dipendenti_primanota.TestDipendenti" name="test_get_tipi_contratto" time="0.036" /><testcase classname="tests.test_haccp_dipendenti_primanota.TestDipendenti" name="test_create_and_delete_dipendente" time="0.149" /><testcase classname="tests.test_haccp_dipendenti_primanota.TestPrimaNotaAutomation" name="test_get_automation_stats" time="0.044" /><testcase classname="tests.test_haccp_dipendenti_primanota.TestPrimaNotaAutomation" name="test_process_existing_invoices" time="0.037" /><testcase classname="tests.test_haccp_dipendenti_primanota.TestPrimaNota" name="test_get_prima_nota_cassa" time="0.040" /><testcase classname="tests.test_haccp_dipendenti_primanota.TestPrimaNota" name="test_get_prima_nota_banca" time="0.039" /><testcase classname="tests.test_haccp_dipendenti_primanota.TestPrimaNota" name="test_get_prima_nota_stats" time="0.038" /><testcase classname="tests.test_haccp_dipendenti_primanota.TestPrimaNota" name="test_create_movimento_cassa" time="0.115" /></testsuite></testsuites>